/opt/SGE/THINCC1/spool/thinc110/active_jobs/1099238.1/pe_hostfile
thinc110
thinc110
thinc110
thinc110
thinc110
thinc110
thinc110
thinc110
thinc069
thinc069
thinc069
thinc069
thinc069
thinc069
thinc069
thinc069
thinc048
thinc048
thinc048
thinc048
thinc048
thinc048
thinc048
thinc048
thinc052
thinc052
thinc052
thinc052
thinc052
thinc052
thinc052
thinc052
thinc058
thinc058
thinc058
thinc058
thinc058
thinc058
thinc058
thinc058
thinc104
thinc104
thinc104
thinc104
thinc104
thinc104
thinc104
thinc104
thinc084
thinc084
thinc084
thinc084
thinc084
thinc084
thinc084
thinc084
thinc078
thinc078
thinc078
thinc078
thinc078
thinc078
thinc078
thinc078
thinc062
thinc062
thinc062
thinc062
thinc062
thinc062
thinc062
thinc062
thinc060
thinc060
thinc060
thinc060
thinc060
thinc060
thinc060
thinc060
thinc100
thinc100
thinc100
thinc100
thinc100
thinc100
thinc100
thinc100
thinc081
thinc081
thinc081
thinc081
thinc081
thinc081
thinc081
thinc081
thinc088
thinc088
thinc088
thinc088
thinc088
thinc088
thinc088
thinc088
thinc086
thinc086
thinc086
thinc086
thinc086
thinc086
thinc086
thinc086
thinc107
thinc107
thinc107
thinc107
thinc107
thinc107
thinc107
thinc107
thinc071
thinc071
thinc071
thinc071
thinc071
thinc071
thinc071
thinc071
thinc083
thinc083
thinc083
thinc083
thinc083
thinc083
thinc083
thinc083
thinc050
thinc050
thinc050
thinc050
thinc050
thinc050
thinc050
thinc050
thinc075
thinc075
thinc075
thinc075
thinc075
thinc075
thinc075
thinc075
thinc093
thinc093
thinc093
thinc093
thinc093
thinc093
thinc093
thinc093
Traceback (most recent call last):
  File "polymer_meltPoC160.py", line 11, in <module>
Traceback (most recent call last):
  File "polymer_meltPoC160.py", line 11, in <module>
Traceback (most recent call last):
  File "polymer_meltPoC160.py", line 11, in <module>
Traceback (most recent call last):
  File "polymer_meltPoC160.py", line 11, in <module>
Traceback (most recent call last):
  File "polymer_meltPoC160.py", line 11, in <module>
Traceback (most recent call last):
  File "polymer_meltPoC160.py", line 11, in <module>
Traceback (most recent call last):
  File "polymer_meltPoC160.py", line 11, in <module>
Traceback (most recent call last):
  File "polymer_meltPoC160.py", line 11, in <module>
    import espressopp
ImportError:     import espressopp
ImportError    import espressopp
ImportError: No module named espressopp
: No module named espressopp
No module named espressopp
    import espressopp
    import espressopp
ImportError: No module named espressopp
    import espressopp
ImportError: No module named espressopp
ImportError: No module named espressopp
    import espressopp
ImportError: No module named espressopp
    import espressopp
ImportError: No module named espressopp
Traceback (most recent call last):
  File "polymer_meltPoC160.py", line 11, in <module>
Traceback (most recent call last):
  File "polymer_meltPoC160.py", line 11, in <module>
Traceback (most recent call last):
  File "polymer_meltPoC160.py", line 11, in <module>
Traceback (most recent call last):
  File "polymer_meltPoC160.py", line 11, in <module>
Traceback (most recent call last):
  File "polymer_meltPoC160.py", line 11, in <module>
Traceback (most recent call last):
  File "polymer_meltPoC160.py", line 11, in <module>
Traceback (most recent call last):
  File "polymer_meltPoC160.py", line 11, in <module>
    import espressopp
    import espressopp
ImportError: No module named espressopp
Traceback (most recent call last):
  File "polymer_meltPoC160.py", line 11, in <module>
ImportError: No module named espressopp
    import espressopp
ImportError: No module named espressopp
    import espressopp
ImportError: No module named espressopp
    import espressopp
ImportError: No module named espressopp
    import espressopp
    import espressopp
ImportError: No module named espressopp
ImportError: No module named espressopp
Traceback (most recent call last):
Traceback (most recent call last):
  File "polymer_meltPoC160.py", line 11, in <module>
Traceback (most recent call last):
  File "polymer_meltPoC160.py", line 11, in <module>
Traceback (most recent call last):
  File "polymer_meltPoC160.py", line 11, in <module>
Traceback (most recent call last):
  File "polymer_meltPoC160.py", line 11, in <module>
Traceback (most recent call last):
  File "polymer_meltPoC160.py", line 11, in <module>
Traceback (most recent call last):
  File "polymer_meltPoC160.py", line 11, in <module>
  File "polymer_meltPoC160.py", line 11, in <module>
Traceback (most recent call last):
  File "polymer_meltPoC160.py", line 11, in <module>
    import espressopp
ImportError: No module named espressopp
    import espressopp
ImportError: No module named espressopp
    import espressopp
ImportError: No module named espressopp
    import espressopp
ImportError: No module named espressopp
    import espressopp
ImportError: No module named espressopp
    import espressopp
ImportError: No module named espressopp
    import espressopp
ImportError: No module named espressopp
    import espressopp
ImportError    import espressopp
ImportError: No module named espressopp
: No module named espressopp
Traceback (most recent call last):
  File "polymer_meltPoC160.py", line 11, in <module>
Traceback (most recent call last):
  File "polymer_meltPoC160.py", line 11, in <module>
Traceback (most recent call last):
  File "polymer_meltPoC160.py", line 11, in <module>
Traceback (most recent call last):
  File "polymer_meltPoC160.py", line 11, in <module>
Traceback (most recent call last):
  File "polymer_meltPoC160.py", line 11, in <module>
Traceback (most recent call last):
  File "polymer_meltPoC160.py", line 11, in <module>
Traceback (most recent call last):
  File "polymer_meltPoC160.py", line 11, in <module>
Traceback (most recent call last):
  File "polymer_meltPoC160.py", line 11, in <module>
    import espressopp
ImportError: No module named espressopp
    import espressopp
ImportError: No module named espressopp
    import espressopp
ImportError: No module named espressopp
    import espressopp
ImportError: No module named espressopp
    import espressopp
ImportError: No module named espressopp
    import espressopp
ImportError: No module named espressopp
    import espressopp
ImportError: No module named espressopp
    import espressopp
ImportError: No module named espressopp
Traceback (most recent call last):
  File "polymer_meltPoC160.py", line 11, in <module>
Traceback (most recent call last):
  File "polymer_meltPoC160.py", line 11, in <module>
Traceback (most recent call last):
  File "polymer_meltPoC160.py", line 11, in <module>
Traceback (most recent call last):
  File "polymer_meltPoC160.py", line 11, in <module>
Traceback (most recent call last):
  File "polymer_meltPoC160.py", line 11, in <module>
Traceback (most recent call last):
  File "polymer_meltPoC160.py", line 11, in <module>
Traceback (most recent call last):
  File "polymer_meltPoC160.py", line 11, in <module>
Traceback (most recent call last):
  File "polymer_meltPoC160.py", line 11, in <module>
    import espressopp
ImportError: No module named espressopp
    import espressopp
ImportError: No module named espressopp
    import espressopp
ImportError:     import espressopp
ImportError: No module named espressopp
No module named espressopp
    import espressopp
ImportError: No module named espressopp
    import espressopp
ImportError: No module named espressopp
    import espressopp
ImportError: No module named espressopp
Traceback (most recent call last):
  File "polymer_meltPoC160.py", line 11, in <module>
Traceback (most recent call last):
  File "polymer_meltPoC160.py", line 11, in <module>
Traceback (most recent call last):
  File "polymer_meltPoC160.py", line 11, in <module>
Traceback (most recent call last):
  File "polymer_meltPoC160.py", line 11, in <module>
Traceback (most recent call last):
  File "polymer_meltPoC160.py", line 11, in <module>
Traceback (most recent call last):
  File "polymer_meltPoC160.py", line 11, in <module>
Traceback (most recent call last):
  File "polymer_meltPoC160.py", line 11, in <module>
Traceback (most recent call last):
  File "polymer_meltPoC160.py", line 11, in <module>
    import espressopp
ImportError: No module named espressopp
    import espressopp
ImportError: No module named espressopp
    import espressopp
    import espressopp
ImportError: No module named espressopp
ImportError: No module named espressopp
    import espressopp
ImportError: No module named espressopp
    import espressopp
    import espressopp
ImportError: No module named espressopp
ImportError: No module named espressopp
    import espressopp
ImportError: No module named espressopp
    import espressopp
ImportError: No module named espressopp
Traceback (most recent call last):
  File "polymer_meltPoC160.py", line 11, in <module>
Traceback (most recent call last):
  File "polymer_meltPoC160.py", line 11, in <module>
Traceback (most recent call last):
  File "polymer_meltPoC160.py", line 11, in <module>
Traceback (most recent call last):
  File "polymer_meltPoC160.py", line 11, in <module>
Traceback (most recent call last):
  File "polymer_meltPoC160.py", line 11, in <module>
Traceback (most recent call last):
  File "polymer_meltPoC160.py", line 11, in <module>
Traceback (most recent call last):
  File "polymer_meltPoC160.py", line 11, in <module>
Traceback (most recent call last):
  File "polymer_meltPoC160.py", line 11, in <module>
    import espressopp
    import espressopp
    import espressopp
ImportError: No module named espressopp
ImportError: No module named espressopp
ImportError: No module named espressopp
    import espressopp
    import espressopp
ImportError: No module named espressopp    import espressopp
ImportError: No module named espressopp
ImportError: No module named espressopp

    import espressopp
ImportError: No module named espressopp
    import espressopp
ImportError: No module named espressopp
Traceback (most recent call last):
  File "polymer_meltPoC160.py", line 11, in <module>
Traceback (most recent call last):
  File "polymer_meltPoC160.py", line 11, in <module>
Traceback (most recent call last):
  File "polymer_meltPoC160.py", line 11, in <module>
Traceback (most recent call last):
  File "polymer_meltPoC160.py", line 11, in <module>
Traceback (most recent call last):
  File "polymer_meltPoC160.py", line 11, in <module>
Traceback (most recent call last):
  File "polymer_meltPoC160.py", line 11, in <module>
Traceback (most recent call last):
  File "polymer_meltPoC160.py", line 11, in <module>
Traceback (most recent call last):
  File "polymer_meltPoC160.py", line 11, in <module>
Traceback (most recent call last):
  File "polymer_meltPoC160.py", line 11, in <module>
Traceback (most recent call last):
  File "polymer_meltPoC160.py", line 11, in <module>
Traceback (most recent call last):
  File "polymer_meltPoC160.py", line 11, in <module>
Traceback (most recent call last):
  File "polymer_meltPoC160.py", line 11, in <module>
Traceback (most recent call last):
  File "polymer_meltPoC160.py", line 11, in <module>
Traceback (most recent call last):
  File "polymer_meltPoC160.py", line 11, in <module>
Traceback (most recent call last):
  File "polymer_meltPoC160.py", line 11, in <module>
Traceback (most recent call last):
  File "polymer_meltPoC160.py", line 11, in <module>
    import espressopp
    import espressopp
ImportError: No module named espressopp    import espressopp
ImportError:     import espressopp
ImportError:     import espressopp
ImportError: ImportError: No module named espressopp
    import espressopp
ImportError: No module named espressopp

    import espressopp
ImportError: No module named espressopp
    import espressopp
    import espressopp
No module named espressopp
    import espressopp
ImportError: No module named espressopp
ImportError: No module named espressopp
ImportError: No module named espressopp
No module named espressopp
No module named espressopp
    import espressopp
ImportError: No module named espressopp
Traceback (most recent call last):
  File "polymer_meltPoC160.py", line 11, in <module>
Traceback (most recent call last):
  File "polymer_meltPoC160.py", line 11, in <module>
Traceback (most recent call last):
  File "polymer_meltPoC160.py", line 11, in <module>
Traceback (most recent call last):
  File "polymer_meltPoC160.py", line 11, in <module>
Traceback (most recent call last):
  File "polymer_meltPoC160.py", line 11, in <module>
Traceback (most recent call last):
  File "polymer_meltPoC160.py", line 11, in <module>
Traceback (most recent call last):
  File "polymer_meltPoC160.py", line 11, in <module>
Traceback (most recent call last):
  File "polymer_meltPoC160.py", line 11, in <module>
    import espressopp
ImportError: No module named espressopp
    import espressopp
ImportError: No module named espressopp
    import espressopp
ImportError: No module named espressopp
Traceback (most recent call last):
  File "polymer_meltPoC160.py", line 11, in <module>
Traceback (most recent call last):
  File "polymer_meltPoC160.py", line 11, in <module>
    import espressopp
ImportError: No module named espressopp
Traceback (most recent call last):
  File "polymer_meltPoC160.py", line 11, in <module>
    import espressopp
Traceback (most recent call last):
  File "polymer_meltPoC160.py", line 11, in <module>
    import espressopp
ImportError: No module named espressopp
Traceback (most recent call last):
  File "polymer_meltPoC160.py", line 11, in <module>
ImportError: No module named espressopp
Traceback (most recent call last):
  File "polymer_meltPoC160.py", line 11, in <module>
Traceback (most recent call last):
  File "polymer_meltPoC160.py", line 11, in <module>
Traceback (most recent call last):
  File "polymer_meltPoC160.py", line 11, in <module>
    import espressopp
ImportError: No module named espressopp
    import espressopp
ImportError: No module named espressopp
    import espressopp
ImportError: No module named espressopp
    import espressopp
ImportError: No module named espressopp
    import espressopp
ImportError: No module named espressopp
    import espressopp
ImportError: No module named espressopp
    import espressopp
ImportError: No module named espressopp
    import espressopp
ImportError: No module named espressopp
    import espressopp
ImportError: No module named espressopp
    import espressopp
ImportError: No module named espressopp
    import espressopp
ImportError: No module named espressopp
    import espressopp
ImportError: No module named espressopp
    import espressopp
ImportError: No module named espressopp
    import espressopp
ImportError: No module named espressopp
    import espressopp
ImportError: No module named espressopp
Traceback (most recent call last):
  File "polymer_meltPoC160.py", line 11, in <module>
Traceback (most recent call last):
  File "polymer_meltPoC160.py", line 11, in <module>
Traceback (most recent call last):
  File "polymer_meltPoC160.py", line 11, in <module>
Traceback (most recent call last):
  File "polymer_meltPoC160.py", line 11, in <module>
Traceback (most recent call last):
  File "polymer_meltPoC160.py", line 11, in <module>
Traceback (most recent call last):
  File "polymer_meltPoC160.py", line 11, in <module>
Traceback (most recent call last):
  File "polymer_meltPoC160.py", line 11, in <module>
Traceback (most recent call last):
  File "polymer_meltPoC160.py", line 11, in <module>
Traceback (most recent call last):
  File "polymer_meltPoC160.py", line 11, in <module>
Traceback (most recent call last):
  File "polymer_meltPoC160.py", line 11, in <module>
Traceback (most recent call last):
  File "polymer_meltPoC160.py", line 11, in <module>
Traceback (most recent call last):
  File "polymer_meltPoC160.py", line 11, in <module>
Traceback (most recent call last):
  File "polymer_meltPoC160.py", line 11, in <module>
Traceback (most recent call last):
  File "polymer_meltPoC160.py", line 11, in <module>
Traceback (most recent call last):
  File "polymer_meltPoC160.py", line 11, in <module>
Traceback (most recent call last):
  File "polymer_meltPoC160.py", line 11, in <module>
    import espressopp
ImportError: No module named espressopp
    import espressopp
ImportError: No module named espressopp
    import espressopp
ImportError: No module named espressopp
    import espressopp
    import espressopp
ImportError: No module named espressopp
    import espressopp
    import espressopp
ImportError: No module named espressopp
ImportError: No module named espressopp
ImportError: No module named espressopp
    import espressopp
ImportError: No module named espressopp
    import espressopp
ImportError: No module named espressopp
    import espressopp
ImportError: No module named espressopp
    import espressopp
ImportError: No module named espressopp
    import espressopp
ImportError: No module named espressopp
    import espressopp
ImportError: No module named espressopp
    import espressopp
ImportError: No module named espressopp
    import espressopp
ImportError: No module named espressopp
    import espressopp
ImportError: No module named espressopp
Traceback (most recent call last):
  File "polymer_meltPoC160.py", line 11, in <module>
Traceback (most recent call last):
  File "polymer_meltPoC160.py", line 11, in <module>
Traceback (most recent call last):
  File "polymer_meltPoC160.py", line 11, in <module>
Traceback (most recent call last):
  File "polymer_meltPoC160.py", line 11, in <module>
Traceback (most recent call last):
  File "polymer_meltPoC160.py", line 11, in <module>
Traceback (most recent call last):
  File "polymer_meltPoC160.py", line 11, in <module>
Traceback (most recent call last):
  File "polymer_meltPoC160.py", line 11, in <module>
    import espressopp
Traceback (most recent call last):
  File "polymer_meltPoC160.py", line 11, in <module>
ImportError: No module named espressopp
    import espressopp
ImportError:     import espressopp
ImportError: No module named espressopp    import espressopp
ImportError: No module named espressopp
No module named espressopp
    import espressopp
ImportError: No module named espressopp
    import espressopp
ImportError: No module named espressopp

    import espressopp
    import espressopp
ImportError: No module named espressopp
ImportError: No module named espressopp
Traceback (most recent call last):
  File "polymer_meltPoC160.py", line 11, in <module>
Traceback (most recent call last):
  File "polymer_meltPoC160.py", line 11, in <module>
Traceback (most recent call last):
  File "polymer_meltPoC160.py", line 11, in <module>
Traceback (most recent call last):
  File "polymer_meltPoC160.py", line 11, in <module>
Traceback (most recent call last):
  File "polymer_meltPoC160.py", line 11, in <module>
Traceback (most recent call last):
  File "polymer_meltPoC160.py", line 11, in <module>
Traceback (most recent call last):
  File "polymer_meltPoC160.py", line 11, in <module>
Traceback (most recent call last):
  File "polymer_meltPoC160.py", line 11, in <module>
    import espressopp
    import espressopp
ImportError: No module named espressopp
    import espressopp
ImportError: No module named espressopp
    import espressopp
ImportError: No module named espressopp
    import espressopp
ImportError: No module named espressopp
ImportError: No module named espressopp
    import espressopp
ImportError: No module named espressopp
    import espressopp
ImportError: No module named espressopp
    import espressopp
ImportError: No module named espressopp
Traceback (most recent call last):
  File "polymer_meltPoC160.py", line 11, in <module>
Traceback (most recent call last):
  File "polymer_meltPoC160.py", line 11, in <module>
Traceback (most recent call last):
  File "polymer_meltPoC160.py", line 11, in <module>
Traceback (most recent call last):
  File "polymer_meltPoC160.py", line 11, in <module>
Traceback (most recent call last):
  File "polymer_meltPoC160.py", line 11, in <module>
Traceback (most recent call last):
  File "polymer_meltPoC160.py", line 11, in <module>
Traceback (most recent call last):
  File "polymer_meltPoC160.py", line 11, in <module>
    import espressopp
ImportError: No module named espressopp
Traceback (most recent call last):
  File "polymer_meltPoC160.py", line 11, in <module>
    import espressopp
ImportError: No module named espressopp
    import espressopp
    import espressopp
ImportError:     import espressopp
ImportError    import espressopp
ImportError: No module named espressopp
ImportError: No module named espressopp
No module named espressopp
: No module named espressopp
    import espressopp
    import espressopp
ImportError: ImportError: No module named espressopp
No module named espressopp
Traceback (most recent call last):
  File "polymer_meltPoC160.py", line 11, in <module>
Traceback (most recent call last):
  File "polymer_meltPoC160.py", line 11, in <module>
Traceback (most recent call last):
  File "polymer_meltPoC160.py", line 11, in <module>
Traceback (most recent call last):
  File "polymer_meltPoC160.py", line 11, in <module>
Traceback (most recent call last):
  File "polymer_meltPoC160.py", line 11, in <module>
Traceback (most recent call last):
  File "polymer_meltPoC160.py", line 11, in <module>
Traceback (most recent call last):
  File "polymer_meltPoC160.py", line 11, in <module>
Traceback (most recent call last):
  File "polymer_meltPoC160.py", line 11, in <module>
    import espressopp
ImportError: No module named espressopp
    import espressopp
ImportError: No module named espressopp
    import espressopp
ImportError: No module named espressopp
    import espressopp
ImportError: No module named espressopp
    import espressopp
    import espressopp
    import espressopp
ImportError: No module named espressopp
    import espressopp
ImportError: No module named espressopp
ImportError: No module named espressopp
ImportError: No module named espressopp
Traceback (most recent call last):
  File "polymer_meltPoC160.py", line 11, in <module>
Traceback (most recent call last):
  File "polymer_meltPoC160.py", line 11, in <module>
Traceback (most recent call last):
  File "polymer_meltPoC160.py", line 11, in <module>
Traceback (most recent call last):
  File "polymer_meltPoC160.py", line 11, in <module>
Traceback (most recent call last):
  File "polymer_meltPoC160.py", line 11, in <module>
Traceback (most recent call last):
  File "polymer_meltPoC160.py", line 11, in <module>
Traceback (most recent call last):
  File "polymer_meltPoC160.py", line 11, in <module>
Traceback (most recent call last):
  File "polymer_meltPoC160.py", line 11, in <module>
    import espressopp
    import espressopp
ImportError: No module named espressopp
    import espressopp
ImportError: No module named espressopp
    import espressopp
ImportError: No module named espressopp
ImportError: No module named espressopp
    import espressopp
ImportError: No module named espressopp
    import espressopp
    import espressopp
ImportError: No module named espressopp
ImportError: No module named espressopp
    import espressopp
ImportError: No module named espressopp
Traceback (most recent call last):
  File "polymer_meltPoC160.py", line 11, in <module>
Traceback (most recent call last):
  File "polymer_meltPoC160.py", line 11, in <module>
Traceback (most recent call last):
  File "polymer_meltPoC160.py", line 11, in <module>
Traceback (most recent call last):
  File "polymer_meltPoC160.py", line 11, in <module>
Traceback (most recent call last):
  File "polymer_meltPoC160.py", line 11, in <module>
Traceback (most recent call last):
  File "polymer_meltPoC160.py", line 11, in <module>
Traceback (most recent call last):
  File "polymer_meltPoC160.py", line 11, in <module>
    import espressopp
Traceback (most recent call last):
  File "polymer_meltPoC160.py", line 11, in <module>
ImportError: No module named espressopp
    import espressopp
    import espressopp
ImportError:     import espressopp
ImportError: No module named espressopp
ImportError: No module named espressopp
No module named espressopp
    import espressopp
    import espressopp
ImportError: No module named espressopp
    import espressopp
ImportError: No module named espressopp
ImportError: No module named espressopp
    import espressopp
ImportError: No module named espressopp
Traceback (most recent call last):
  File "polymer_meltPoC160.py", line 11, in <module>
Traceback (most recent call last):
  File "polymer_meltPoC160.py", line 11, in <module>
Traceback (most recent call last):
  File "polymer_meltPoC160.py", line 11, in <module>
Traceback (most recent call last):
  File "polymer_meltPoC160.py", line 11, in <module>
Traceback (most recent call last):
  File "polymer_meltPoC160.py", line 11, in <module>
Traceback (most recent call last):
  File "polymer_meltPoC160.py", line 11, in <module>
Traceback (most recent call last):
  File "polymer_meltPoC160.py", line 11, in <module>
Traceback (most recent call last):
  File "polymer_meltPoC160.py", line 11, in <module>
    import espressopp
    import espressopp
ImportError: No module named espressopp
ImportError: No module named espressopp
    import espressopp
    import espressopp
ImportError: No module named espressopp
    import espressopp
ImportError: No module named espressopp
    import espressopp
ImportError: No module named espressopp
ImportError: No module named espressopp
    import espressopp
ImportError: No module named espressopp
    import espressopp
ImportError: No module named espressopp
--------------------------------------------------------------------------
mpirun noticed that the job aborted, but has no info as to the process
that caused that situation.
--------------------------------------------------------------------------
rm: cannot remove ‘/tmp/1099238.1.Parallel.q/rsh’: No such file or directory
