/opt/SGE/THINCC1/spool/thinc108/active_jobs/1099264.1/pe_hostfile
thinc108
thinc108
thinc108
thinc108
thinc108
thinc108
thinc108
thinc108
thinc110
thinc110
thinc110
thinc110
thinc110
thinc110
thinc110
thinc110
thinc069
thinc069
thinc069
thinc069
thinc069
thinc069
thinc069
thinc069
thinc048
thinc048
thinc048
thinc048
thinc048
thinc048
thinc048
thinc048
thinc052
thinc052
thinc052
thinc052
thinc052
thinc052
thinc052
thinc052
thinc058
thinc058
thinc058
thinc058
thinc058
thinc058
thinc058
thinc058
thinc104
thinc104
thinc104
thinc104
thinc104
thinc104
thinc104
thinc104
thinc084
thinc084
thinc084
thinc084
thinc084
thinc084
thinc084
thinc084
thinc078
thinc078
thinc078
thinc078
thinc078
thinc078
thinc078
thinc078
thinc062
thinc062
thinc062
thinc062
thinc062
thinc062
thinc062
thinc062
thinc060
thinc060
thinc060
thinc060
thinc060
thinc060
thinc060
thinc060
thinc100
thinc100
thinc100
thinc100
thinc100
thinc100
thinc100
thinc100
thinc081
thinc081
thinc081
thinc081
thinc081
thinc081
thinc081
thinc081
thinc088
thinc088
thinc088
thinc088
thinc088
thinc088
thinc088
thinc088
thinc086
thinc086
thinc086
thinc086
thinc086
thinc086
thinc086
thinc086
thinc071
thinc071
thinc071
thinc071
thinc071
thinc071
thinc071
thinc071
thinc083
thinc083
thinc083
thinc083
thinc083
thinc083
thinc083
thinc083
thinc050
thinc050
thinc050
thinc050
thinc050
thinc050
thinc050
thinc050
thinc075
thinc075
thinc075
thinc075
thinc075
thinc075
thinc075
thinc075
thinc093
thinc093
thinc093
thinc093
thinc093
thinc093
thinc093
thinc093
ESPResSo++ v1.7 patchlevel 2, Boost Version: 1_53, compiled on Jun 10 2015, 12:47:30
Setting up simulation ...
nodeGrid:  (8, 5, 4)  cellGrid:  (11, 18, 11)  NeiList:  [0, 11, 22, 33, 44, 55, 66, 77, 88]
