/opt/SGE/THINCC1/spool/thinc092/active_jobs/1099244.1/pe_hostfile
thinc092
thinc092
thinc092
thinc092
thinc092
thinc092
thinc092
thinc092
thinc087
thinc087
thinc087
thinc087
thinc087
thinc087
thinc087
thinc087
thinc094
thinc094
thinc094
thinc094
thinc094
thinc094
thinc094
thinc094
thinc082
thinc082
thinc082
thinc082
thinc082
thinc082
thinc082
thinc082
thinc072
thinc072
thinc072
thinc072
thinc072
thinc072
thinc072
thinc072
thinc108
thinc108
thinc108
thinc108
thinc108
thinc108
thinc108
thinc108
thinc110
thinc110
thinc110
thinc110
thinc110
thinc110
thinc110
thinc110
thinc069
thinc069
thinc069
thinc069
thinc069
thinc069
thinc069
thinc069
thinc048
thinc048
thinc048
thinc048
thinc048
thinc048
thinc048
thinc048
thinc052
thinc052
thinc052
thinc052
thinc052
thinc052
thinc052
thinc052
thinc058
thinc058
thinc058
thinc058
thinc058
thinc058
thinc058
thinc058
thinc104
thinc104
thinc104
thinc104
thinc104
thinc104
thinc104
thinc104
thinc084
thinc084
thinc084
thinc084
thinc084
thinc084
thinc084
thinc084
thinc078
thinc078
thinc078
thinc078
thinc078
thinc078
thinc078
thinc078
thinc062
thinc062
thinc062
thinc062
thinc062
thinc062
thinc062
thinc062
thinc060
thinc060
thinc060
thinc060
thinc060
thinc060
thinc060
thinc060
thinc100
thinc100
thinc100
thinc100
thinc100
thinc100
thinc100
thinc100
thinc081
thinc081
thinc081
thinc081
thinc081
thinc081
thinc081
thinc081
thinc088
thinc088
thinc088
thinc088
thinc088
thinc088
thinc088
thinc088
thinc086
thinc086
thinc086
thinc086
thinc086
thinc086
thinc086
thinc086
ESPResSo++ v1.7 patchlevel 2, Boost Version: 1_53, compiled on Jun 10 2015, 12:47:30
Setting up simulation ...
nodeGrid:  (8, 5, 4)  cellGrid:  (11, 18, 11)  NeiList:  [0, 11, 22, 33, 44, 55, 66, 77, 88]
rm: cannot remove ‘/tmp/1099244.1.Parallel.q/rsh’: No such file or directory
