/opt/SGE/THINCC1/spool/thinc071/active_jobs/1099263.1/pe_hostfile
thinc071
thinc071
thinc071
thinc071
thinc071
thinc071
thinc071
thinc071
thinc083
thinc083
thinc083
thinc083
thinc083
thinc083
thinc083
thinc083
thinc050
thinc050
thinc050
thinc050
thinc050
thinc050
thinc050
thinc050
thinc075
thinc075
thinc075
thinc075
thinc075
thinc075
thinc075
thinc075
thinc093
thinc093
thinc093
thinc093
thinc093
thinc093
thinc093
thinc093
thinc092
thinc092
thinc092
thinc092
thinc092
thinc092
thinc092
thinc092
thinc087
thinc087
thinc087
thinc087
thinc087
thinc087
thinc087
thinc087
thinc094
thinc094
thinc094
thinc094
thinc094
thinc094
thinc094
thinc094
thinc082
thinc082
thinc082
thinc082
thinc082
thinc082
thinc082
thinc082
thinc072
thinc072
thinc072
thinc072
thinc072
thinc072
thinc072
thinc072
ESPResSo++ v1.7 patchlevel 2, Boost Version: 1_53, compiled on Jun 10 2015, 12:47:30
Setting up simulation ...
nodeGrid:  (5, 4, 4)  cellGrid:  (18, 23, 11)  NeiList:  [0, 18, 36, 54, 72, 90]
Traceback (most recent call last):
  File "polymer_meltPoC80.py", line 11, in <module>
Traceback (most recent call last):
  File "polymer_meltPoC80.py", line 11, in <module>
Traceback (most recent call last):
  File "polymer_meltPoC80.py", line 11, in <module>
Traceback (most recent call last):
  File "polymer_meltPoC80.py", line 11, in <module>
Traceback (most recent call last):
  File "polymer_meltPoC80.py", line 75, in <module>
Traceback (most recent call last):
  File "polymer_meltPoC80.py", line 11, in <module>
Traceback (most recent call last):
  File "polymer_meltPoC80.py", line 11, in <module>
Traceback (most recent call last):
  File "polymer_meltPoC80.py", line 11, in <module>
Traceback (most recent call last):
  File "polymer_meltPoC80.py", line 11, in <module>
Traceback (most recent call last):
  File "polymer_meltPoC80.py", line 11, in <module>
Traceback (most recent call last):
  File "polymer_meltPoC80.py", line 11, in <module>
Traceback (most recent call last):
  File "polymer_meltPoC80.py", line 11, in <module>
Traceback (most recent call last):
  File "polymer_meltPoC80.py", line 11, in <module>
Traceback (most recent call last):
  File "polymer_meltPoC80.py", line 11, in <module>
Traceback (most recent call last):
  File "polymer_meltPoC80.py", line 11, in <module>
Traceback (most recent call last):
  File "polymer_meltPoC80.py", line 11, in <module>
Traceback (most recent call last):
  File "polymer_meltPoC80.py", line 11, in <module>
Traceback (most recent call last):
  File "polymer_meltPoC80.py", line 11, in <module>
Traceback (most recent call last):
  File "polymer_meltPoC80.py", line 11, in <module>
Traceback (most recent call last):
  File "polymer_meltPoC80.py", line 11, in <module>
Traceback (most recent call last):
  File "polymer_meltPoC80.py", line 11, in <module>
Traceback (most recent call last):
  File "polymer_meltPoC80.py", line 11, in <module>
Traceback (most recent call last):
  File "polymer_meltPoC80.py", line 11, in <module>
Traceback (most recent call last):
  File "polymer_meltPoC80.py", line 11, in <module>
Traceback (most recent call last):
  File "polymer_meltPoC80.py", line 11, in <module>
Traceback (most recent call last):
  File "polymer_meltPoC80.py", line 11, in <module>
Traceback (most recent call last):
  File "polymer_meltPoC80.py", line 11, in <module>
Traceback (most recent call last):
  File "polymer_meltPoC80.py", line 11, in <module>
Traceback (most recent call last):
  File "polymer_meltPoC80.py", line 11, in <module>
Traceback (most recent call last):
  File "polymer_meltPoC80.py", line 11, in <module>
Traceback (most recent call last):
  File "polymer_meltPoC80.py", line 11, in <module>
Traceback (most recent call last):
  File "polymer_meltPoC80.py", line 11, in <module>
Traceback (most recent call last):
  File "polymer_meltPoC80.py", line 11, in <module>
Traceback (most recent call last):
  File "polymer_meltPoC80.py", line 11, in <module>
Traceback (most recent call last):
  File "polymer_meltPoC80.py", line 11, in <module>
Traceback (most recent call last):
  File "polymer_meltPoC80.py", line 11, in <module>
Traceback (most recent call last):
  File "polymer_meltPoC80.py", line 11, in <module>
Traceback (most recent call last):
  File "polymer_meltPoC80.py", line 11, in <module>
Traceback (most recent call last):
  File "polymer_meltPoC80.py", line 11, in <module>
Traceback (most recent call last):
  File "polymer_meltPoC80.py", line 11, in <module>
Traceback (most recent call last):
  File "polymer_meltPoC80.py", line 11, in <module>
Traceback (most recent call last):
  File "polymer_meltPoC80.py", line 11, in <module>
Traceback (most recent call last):
  File "polymer_meltPoC80.py", line 11, in <module>
Traceback (most recent call last):
  File "polymer_meltPoC80.py", line 11, in <module>
Traceback (most recent call last):
  File "polymer_meltPoC80.py", line 11, in <module>
Traceback (most recent call last):
  File "polymer_meltPoC80.py", line 11, in <module>
Traceback (most recent call last):
  File "polymer_meltPoC80.py", line 11, in <module>
Traceback (most recent call last):
  File "polymer_meltPoC80.py", line 11, in <module>
Traceback (most recent call last):
  File "polymer_meltPoC80.py", line 11, in <module>
Traceback (most recent call last):
  File "polymer_meltPoC80.py", line 11, in <module>
Traceback (most recent call last):
  File "polymer_meltPoC80.py", line 11, in <module>
Traceback (most recent call last):
  File "polymer_meltPoC80.py", line 11, in <module>
Traceback (most recent call last):
  File "polymer_meltPoC80.py", line 11, in <module>
Traceback (most recent call last):
  File "polymer_meltPoC80.py", line 11, in <module>
Traceback (most recent call last):
  File "polymer_meltPoC80.py", line 11, in <module>
Traceback (most recent call last):
  File "polymer_meltPoC80.py", line 11, in <module>
Traceback (most recent call last):
  File "polymer_meltPoC80.py", line 11, in <module>
Traceback (most recent call last):
  File "polymer_meltPoC80.py", line 11, in <module>
Traceback (most recent call last):
  File "polymer_meltPoC80.py", line 11, in <module>
Traceback (most recent call last):
  File "polymer_meltPoC80.py", line 11, in <module>
Traceback (most recent call last):
  File "polymer_meltPoC80.py", line 11, in <module>
Traceback (most recent call last):
  File "polymer_meltPoC80.py", line 11, in <module>
Traceback (most recent call last):
  File "polymer_meltPoC80.py", line 11, in <module>
Traceback (most recent call last):
  File "polymer_meltPoC80.py", line 11, in <module>
Traceback (most recent call last):
  File "polymer_meltPoC80.py", line 11, in <module>
Traceback (most recent call last):
  File "polymer_meltPoC80.py", line 11, in <module>
Traceback (most recent call last):
  File "polymer_meltPoC80.py", line 11, in <module>
Traceback (most recent call last):
  File "polymer_meltPoC80.py", line 11, in <module>
Traceback (most recent call last):
  File "polymer_meltPoC80.py", line 11, in <module>
Traceback (most recent call last):
  File "polymer_meltPoC80.py", line 11, in <module>
Traceback (most recent call last):
  File "polymer_meltPoC80.py", line 11, in <module>
Traceback (most recent call last):
  File "polymer_meltPoC80.py", line 11, in <module>
Traceback (most recent call last):
  File "polymer_meltPoC80.py", line 11, in <module>
Traceback (most recent call last):
  File "polymer_meltPoC80.py", line 11, in <module>
Traceback (most recent call last):
  File "polymer_meltPoC80.py", line 11, in <module>
Traceback (most recent call last):
  File "polymer_meltPoC80.py", line 11, in <module>
Traceback (most recent call last):
  File "polymer_meltPoC80.py", line 11, in <module>
Traceback (most recent call last):
  File "polymer_meltPoC80.py", line 11, in <module>
Traceback (most recent call last):
  File "polymer_meltPoC80.py", line 11, in <module>
Traceback (most recent call last):
  File "polymer_meltPoC80.py", line 11, in <module>
    import espresso
    import espresso
  File "/data/isilon/vargas/adressIB1/espresso/__init__.py", line 70, in <module>
    import espresso
  File "/data/isilon/vargas/adressIB1/espresso/__init__.py", line 70, in <module>
    import espresso
  File "/data/isilon/vargas/adressIB1/espresso/__init__.py", line 70, in <module>
    import espresso
  File "/data/isilon/vargas/adressIB1/espresso/__init__.py", line 70, in <module>
    import espresso
  File "/data/isilon/vargas/adressIB1/espresso/__init__.py", line 70, in <module>
  File "/data/isilon/vargas/adressIB1/espresso/__init__.py", line 70, in <module>
    import espresso
    import espresso
  File "/data/isilon/vargas/adressIB1/espresso/__init__.py", line 70, in <module>
    fpl.addBonds(bonds)
  File "/data/isilon/vargas/adressIB1/espresso/pmi.py", line 735, in __call__
  File "/data/isilon/vargas/adressIB1/espresso/__init__.py", line 70, in <module>
    import espresso
  File "/data/isilon/vargas/adressIB1/espresso/__init__.py", line 70, in <module>
    import espresso
  File "/data/isilon/vargas/adressIB1/espresso/__init__.py", line 70, in <module>
    import espresso
  File "/data/isilon/vargas/adressIB1/espresso/__init__.py", line 70, in <module>
    import espresso
  File "/data/isilon/vargas/adressIB1/espresso/__init__.py", line 70, in <module>
    import espresso
  File "/data/isilon/vargas/adressIB1/espresso/__init__.py", line 70, in <module>
    import espresso
  File "/data/isilon/vargas/adressIB1/espresso/__init__.py", line 70, in <module>
    import espresso
  File "/data/isilon/vargas/adressIB1/espresso/__init__.py", line 70, in <module>
    import espresso
  File "/data/isilon/vargas/adressIB1/espresso/__init__.py", line 70, in <module>
    import espresso
  File "/data/isilon/vargas/adressIB1/espresso/__init__.py", line 70, in <module>
    import espresso
  File "/data/isilon/vargas/adressIB1/espresso/__init__.py", line 70, in <module>
    import espresso
    import espresso
  File "/data/isilon/vargas/adressIB1/espresso/__init__.py", line 70, in <module>
    import espresso
  File "/data/isilon/vargas/adressIB1/espresso/__init__.py", line 70, in <module>
  File "/data/isilon/vargas/adressIB1/espresso/__init__.py", line 70, in <module>
    import espresso
  File "/data/isilon/vargas/adressIB1/espresso/__init__.py", line 70, in <module>
    import espresso
  File "/data/isilon/vargas/adressIB1/espresso/__init__.py", line 70, in <module>
    import espresso
  File "/data/isilon/vargas/adressIB1/espresso/__init__.py", line 70, in <module>
    import espresso
  File "/data/isilon/vargas/adressIB1/espresso/__init__.py", line 70, in <module>
    import espresso
    import espresso
  File "/data/isilon/vargas/adressIB1/espresso/__init__.py", line 70, in <module>
    import espresso
  File "/data/isilon/vargas/adressIB1/espresso/__init__.py", line 70, in <module>
  File "/data/isilon/vargas/adressIB1/espresso/__init__.py", line 70, in <module>
    import espresso
    import espresso
  File "/data/isilon/vargas/adressIB1/espresso/__init__.py", line 70, in <module>
    import espresso
  File "/data/isilon/vargas/adressIB1/espresso/__init__.py", line 70, in <module>
    import espresso
  File "/data/isilon/vargas/adressIB1/espresso/__init__.py", line 70, in <module>
    import espresso
  File "/data/isilon/vargas/adressIB1/espresso/__init__.py", line 70, in <module>
    import espresso
  File "/data/isilon/vargas/adressIB1/espresso/__init__.py", line 70, in <module>
    import espresso
    import espresso
  File "/data/isilon/vargas/adressIB1/espresso/__init__.py", line 70, in <module>
    import espresso
  File "/data/isilon/vargas/adressIB1/espresso/__init__.py", line 70, in <module>
    import espresso
    import espresso
  File "/data/isilon/vargas/adressIB1/espresso/__init__.py", line 70, in <module>
    import espresso
  File "/data/isilon/vargas/adressIB1/espresso/__init__.py", line 70, in <module>
    import espresso
    import espresso
  File "/data/isilon/vargas/adressIB1/espresso/__init__.py", line 70, in <module>
  File "/data/isilon/vargas/adressIB1/espresso/__init__.py", line 70, in <module>
    import espresso
  File "/data/isilon/vargas/adressIB1/espresso/__init__.py", line 70, in <module>
    import espresso
    import espresso
  File "/data/isilon/vargas/adressIB1/espresso/__init__.py", line 70, in <module>
  File "/data/isilon/vargas/adressIB1/espresso/__init__.py", line 70, in <module>
  File "/data/isilon/vargas/adressIB1/espresso/__init__.py", line 70, in <module>
    import espresso
  File "/data/isilon/vargas/adressIB1/espresso/__init__.py", line 70, in <module>
    import espresso
  File "/data/isilon/vargas/adressIB1/espresso/__init__.py", line 70, in <module>
  File "/data/isilon/vargas/adressIB1/espresso/__init__.py", line 70, in <module>
    import espresso
    import espresso
    import espresso
  File "/data/isilon/vargas/adressIB1/espresso/__init__.py", line 70, in <module>
    import espresso
  File "/data/isilon/vargas/adressIB1/espresso/__init__.py", line 70, in <module>
    import espresso
  File "/data/isilon/vargas/adressIB1/espresso/__init__.py", line 70, in <module>
  File "/data/isilon/vargas/adressIB1/espresso/__init__.py", line 70, in <module>
    import espresso
  File "/data/isilon/vargas/adressIB1/espresso/__init__.py", line 70, in <module>
    import espresso
    import espresso
  File "/data/isilon/vargas/adressIB1/espresso/__init__.py", line 70, in <module>
    import espresso
  File "/data/isilon/vargas/adressIB1/espresso/__init__.py", line 70, in <module>
    import espresso
  File "/data/isilon/vargas/adressIB1/espresso/__init__.py", line 70, in <module>
  File "/data/isilon/vargas/adressIB1/espresso/__init__.py", line 70, in <module>
    import espresso
  File "/data/isilon/vargas/adressIB1/espresso/__init__.py", line 70, in <module>
  File "/data/isilon/vargas/adressIB1/espresso/__init__.py", line 70, in <module>
    import espresso
  File "/data/isilon/vargas/adressIB1/espresso/__init__.py", line 70, in <module>
    import espresso
  File "/data/isilon/vargas/adressIB1/espresso/__init__.py", line 70, in <module>
    import espresso
  File "/data/isilon/vargas/adressIB1/espresso/__init__.py", line 70, in <module>
    import espresso
    import espresso
    import espresso
  File "/data/isilon/vargas/adressIB1/espresso/__init__.py", line 70, in <module>
  File "/data/isilon/vargas/adressIB1/espresso/__init__.py", line 70, in <module>
  File "/data/isilon/vargas/adressIB1/espresso/__init__.py", line 70, in <module>
    import espresso
  File "/data/isilon/vargas/adressIB1/espresso/__init__.py", line 70, in <module>
    import espresso
  File "/data/isilon/vargas/adressIB1/espresso/__init__.py", line 70, in <module>
  File "/data/isilon/vargas/adressIB1/espresso/__init__.py", line 70, in <module>
    import espresso
    import espresso
  File "/data/isilon/vargas/adressIB1/espresso/__init__.py", line 70, in <module>
    import espresso
  File "/data/isilon/vargas/adressIB1/espresso/__init__.py", line 70, in <module>
  File "/data/isilon/vargas/adressIB1/espresso/__init__.py", line 70, in <module>
    import espresso
  File "/data/isilon/vargas/adressIB1/espresso/__init__.py", line 70, in <module>
    import espresso
  File "/data/isilon/vargas/adressIB1/espresso/__init__.py", line 70, in <module>
    import espresso
  File "/data/isilon/vargas/adressIB1/espresso/__init__.py", line 70, in <module>
    import espresso
  File "/data/isilon/vargas/adressIB1/espresso/__init__.py", line 70, in <module>
    import espresso
  File "/data/isilon/vargas/adressIB1/espresso/__init__.py", line 70, in <module>
    import espresso
  File "/data/isilon/vargas/adressIB1/espresso/__init__.py", line 70, in <module>
    import espresso
  File "/data/isilon/vargas/adressIB1/espresso/__init__.py", line 70, in <module>
    import espresso
  File "/data/isilon/vargas/adressIB1/espresso/__init__.py", line 70, in <module>
    import espresso
    import espresso
  File "/data/isilon/vargas/adressIB1/espresso/__init__.py", line 70, in <module>
  File "/data/isilon/vargas/adressIB1/espresso/__init__.py", line 70, in <module>
    pmi.startWorkerLoop()
  File "/data/isilon/vargas/adressIB1/espresso/pmi.py", line 664, in startWorkerLoop
    pmi.startWorkerLoop()
  File "/data/isilon/vargas/adressIB1/espresso/pmi.py", line 664, in startWorkerLoop
    pmi.startWorkerLoop()
  File "/data/isilon/vargas/adressIB1/espresso/pmi.py", line 664, in startWorkerLoop
    pmi.startWorkerLoop()
  File "/data/isilon/vargas/adressIB1/espresso/pmi.py", line 664, in startWorkerLoop
    pmi.startWorkerLoop()
  File "/data/isilon/vargas/adressIB1/espresso/pmi.py", line 664, in startWorkerLoop
    pmi.startWorkerLoop()
  File "/data/isilon/vargas/adressIB1/espresso/pmi.py", line 664, in startWorkerLoop
    pmi.startWorkerLoop()
  File "/data/isilon/vargas/adressIB1/espresso/pmi.py", line 664, in startWorkerLoop
    pmi.startWorkerLoop()
  File "/data/isilon/vargas/adressIB1/espresso/pmi.py", line 664, in startWorkerLoop
    pmi.startWorkerLoop()
  File "/data/isilon/vargas/adressIB1/espresso/pmi.py", line 664, in startWorkerLoop
    pmi.startWorkerLoop()
  File "/data/isilon/vargas/adressIB1/espresso/pmi.py", line 664, in startWorkerLoop
    pmi.startWorkerLoop()
    pmi.startWorkerLoop()
    pmi.startWorkerLoop()
  File "/data/isilon/vargas/adressIB1/espresso/pmi.py", line 664, in startWorkerLoop
    pmi.startWorkerLoop()
  File "/data/isilon/vargas/adressIB1/espresso/pmi.py", line 664, in startWorkerLoop
  File "/data/isilon/vargas/adressIB1/espresso/pmi.py", line 664, in startWorkerLoop
    pmi.startWorkerLoop()
    pmi.startWorkerLoop()
    pmi.startWorkerLoop()
  File "/data/isilon/vargas/adressIB1/espresso/pmi.py", line 664, in startWorkerLoop
    pmi.startWorkerLoop()
  File "/data/isilon/vargas/adressIB1/espresso/pmi.py", line 664, in startWorkerLoop
    pmi.startWorkerLoop()
  File "/data/isilon/vargas/adressIB1/espresso/pmi.py", line 664, in startWorkerLoop
    pmi.startWorkerLoop()
  File "/data/isilon/vargas/adressIB1/espresso/pmi.py", line 664, in startWorkerLoop
    pmi.startWorkerLoop()
  File "/data/isilon/vargas/adressIB1/espresso/pmi.py", line 664, in startWorkerLoop
    pmi.startWorkerLoop()
  File "/data/isilon/vargas/adressIB1/espresso/pmi.py", line 664, in startWorkerLoop
    pmi.startWorkerLoop()
  File "/data/isilon/vargas/adressIB1/espresso/pmi.py", line 664, in startWorkerLoop
  File "/data/isilon/vargas/adressIB1/espresso/pmi.py", line 664, in startWorkerLoop
    pmi.startWorkerLoop()
  File "/data/isilon/vargas/adressIB1/espresso/pmi.py", line 664, in startWorkerLoop
    pmi.startWorkerLoop()
  File "/data/isilon/vargas/adressIB1/espresso/pmi.py", line 664, in startWorkerLoop
    pmi.startWorkerLoop()
    pmi.startWorkerLoop()
  File "/data/isilon/vargas/adressIB1/espresso/pmi.py", line 664, in startWorkerLoop
    pmi.startWorkerLoop()
  File "/data/isilon/vargas/adressIB1/espresso/pmi.py", line 664, in startWorkerLoop
    pmi.startWorkerLoop()
  File "/data/isilon/vargas/adressIB1/espresso/pmi.py", line 664, in startWorkerLoop
  File "/data/isilon/vargas/adressIB1/espresso/pmi.py", line 664, in startWorkerLoop
    pmi.startWorkerLoop()
        pmi.startWorkerLoop()
    pmi.startWorkerLoop()
  File "/data/isilon/vargas/adressIB1/espresso/pmi.py", line 664, in startWorkerLoop
    pmi.startWorkerLoop()
  File "/data/isilon/vargas/adressIB1/espresso/pmi.py", line 664, in startWorkerLoop
    pmi.startWorkerLoop()
  File "/data/isilon/vargas/adressIB1/espresso/pmi.py", line 664, in startWorkerLoop
  File "/data/isilon/vargas/adressIB1/espresso/pmi.py", line 664, in startWorkerLoop
    pmi.startWorkerLoop()
  File "/data/isilon/vargas/adressIB1/espresso/pmi.py", line 664, in startWorkerLoop
    pmi.startWorkerLoop()
  File "/data/isilon/vargas/adressIB1/espresso/pmi.py", line 664, in startWorkerLoop
    pmi.startWorkerLoop()
  File "/data/isilon/vargas/adressIB1/espresso/pmi.py", line 664, in startWorkerLoop
    pmi.startWorkerLoop()
  File "/data/isilon/vargas/adressIB1/espresso/pmi.py", line 664, in startWorkerLoop
  File "/data/isilon/vargas/adressIB1/espresso/pmi.py", line 664, in startWorkerLoop
    pmi.startWorkerLoop()
  File "/data/isilon/vargas/adressIB1/espresso/pmi.py", line 664, in startWorkerLoop
    pmi.startWorkerLoop()
    pmi.startWorkerLoop()
  File "/data/isilon/vargas/adressIB1/espresso/pmi.py", line 664, in startWorkerLoop
    pmi.startWorkerLoop()
  File "/data/isilon/vargas/adressIB1/espresso/pmi.py", line 664, in startWorkerLoop
    pmi.startWorkerLoop()
  File "/data/isilon/vargas/adressIB1/espresso/pmi.py", line 664, in startWorkerLoop
    pmi.startWorkerLoop()
  File "/data/isilon/vargas/adressIB1/espresso/pmi.py", line 664, in startWorkerLoop
    pmi.startWorkerLoop()
  File "/data/isilon/vargas/adressIB1/espresso/pmi.py", line 664, in startWorkerLoop
    pmi.startWorkerLoop()
    pmi.startWorkerLoop()
    pmi.startWorkerLoop()
  File "/data/isilon/vargas/adressIB1/espresso/pmi.py", line 664, in startWorkerLoop
    pmi.startWorkerLoop()
  File "/data/isilon/vargas/adressIB1/espresso/pmi.py", line 664, in startWorkerLoop
  File "/data/isilon/vargas/adressIB1/espresso/pmi.py", line 664, in startWorkerLoop
    pmi.startWorkerLoop()
  File "/data/isilon/vargas/adressIB1/espresso/pmi.py", line 664, in startWorkerLoop
    pmi.startWorkerLoop()
  File "/data/isilon/vargas/adressIB1/espresso/pmi.py", line 664, in startWorkerLoop
    pmi.startWorkerLoop()
  File "/data/isilon/vargas/adressIB1/espresso/pmi.py", line 664, in startWorkerLoop
    pmi.startWorkerLoop()
  File "/data/isilon/vargas/adressIB1/espresso/pmi.py", line 664, in startWorkerLoop
    pmi.startWorkerLoop()
  File "/data/isilon/vargas/adressIB1/espresso/pmi.py", line 664, in startWorkerLoop
  File "/data/isilon/vargas/adressIB1/espresso/pmi.py", line 664, in startWorkerLoop
    pmi.startWorkerLoop()
  File "/data/isilon/vargas/adressIB1/espresso/pmi.py", line 664, in startWorkerLoop
    pmi.startWorkerLoop()
  File "/data/isilon/vargas/adressIB1/espresso/pmi.py", line 664, in startWorkerLoop
    pmi.startWorkerLoop()
    pmi.startWorkerLoop()
  File "/data/isilon/vargas/adressIB1/espresso/pmi.py", line 664, in startWorkerLoop
pmi.startWorkerLoop()
  File "/data/isilon/vargas/adressIB1/espresso/pmi.py", line 664, in startWorkerLoop
    pmi.startWorkerLoop()
  File "/data/isilon/vargas/adressIB1/espresso/pmi.py", line 664, in startWorkerLoop
    pmi.startWorkerLoop()
  File "/data/isilon/vargas/adressIB1/espresso/pmi.py", line 664, in startWorkerLoop
  File "/data/isilon/vargas/adressIB1/espresso/pmi.py", line 664, in startWorkerLoop
    pmi.startWorkerLoop()
  File "/data/isilon/vargas/adressIB1/espresso/pmi.py", line 664, in startWorkerLoop
    pmi.startWorkerLoop()
  File "/data/isilon/vargas/adressIB1/espresso/pmi.py", line 664, in startWorkerLoop
    pmi.startWorkerLoop()
  File "/data/isilon/vargas/adressIB1/espresso/pmi.py", line 664, in startWorkerLoop
  File "/data/isilon/vargas/adressIB1/espresso/pmi.py", line 664, in startWorkerLoop
    pmi.startWorkerLoop()
  File "/data/isilon/vargas/adressIB1/espresso/pmi.py", line 664, in startWorkerLoop
  File "/data/isilon/vargas/adressIB1/espresso/pmi.py", line 664, in startWorkerLoop
  File "/data/isilon/vargas/adressIB1/espresso/pmi.py", line 664, in startWorkerLoop
    pmi.startWorkerLoop()
  File "/data/isilon/vargas/adressIB1/espresso/pmi.py", line 664, in startWorkerLoop
    pmi.startWorkerLoop()
  File "/data/isilon/vargas/adressIB1/espresso/pmi.py", line 664, in startWorkerLoop
    pmi.startWorkerLoop()
  File "/data/isilon/vargas/adressIB1/espresso/pmi.py", line 664, in startWorkerLoop
    pmi.startWorkerLoop()
  File "/data/isilon/vargas/adressIB1/espresso/pmi.py", line 664, in startWorkerLoop
    pmi.startWorkerLoop()
  File "/data/isilon/vargas/adressIB1/espresso/pmi.py", line 664, in startWorkerLoop
    pmi.startWorkerLoop()
  File "/data/isilon/vargas/adressIB1/espresso/pmi.py", line 664, in startWorkerLoop
    pmi.startWorkerLoop()
  File "/data/isilon/vargas/adressIB1/espresso/pmi.py", line 664, in startWorkerLoop
    pmi.startWorkerLoop()
  File "/data/isilon/vargas/adressIB1/espresso/pmi.py", line 664, in startWorkerLoop
    pmi.startWorkerLoop()
  File "/data/isilon/vargas/adressIB1/espresso/pmi.py", line 664, in startWorkerLoop
    pmi.startWorkerLoop()
  File "/data/isilon/vargas/adressIB1/espresso/pmi.py", line 664, in startWorkerLoop
    pmi.startWorkerLoop()
  File "/data/isilon/vargas/adressIB1/espresso/pmi.py", line 664, in startWorkerLoop
    pmi.startWorkerLoop()
  File "/data/isilon/vargas/adressIB1/espresso/pmi.py", line 664, in startWorkerLoop
    pmi.startWorkerLoop()
  File "/data/isilon/vargas/adressIB1/espresso/pmi.py", line 664, in startWorkerLoop
    pmi.startWorkerLoop()
  File "/data/isilon/vargas/adressIB1/espresso/pmi.py", line 664, in startWorkerLoop
    receive()
  File "/data/isilon/vargas/adressIB1/espresso/pmi.py", line 892, in receive
    receive()
  File "/data/isilon/vargas/adressIB1/espresso/pmi.py", line 892, in receive
    receive()
    receive()
    receive()
  File "/data/isilon/vargas/adressIB1/espresso/pmi.py", line 892, in receive
    receive()
  File "/data/isilon/vargas/adressIB1/espresso/pmi.py", line 892, in receive
  File "/data/isilon/vargas/adressIB1/espresso/pmi.py", line 892, in receive
  File "/data/isilon/vargas/adressIB1/espresso/pmi.py", line 892, in receive
        receive()
  File "/data/isilon/vargas/adressIB1/espresso/pmi.py", line 892, in receive
    receive()
  File "/data/isilon/vargas/adressIB1/espresso/pmi.py", line 892, in receive
    receive()
  File "/data/isilon/vargas/adressIB1/espresso/pmi.py", line 892, in receive
    receive()
    receive()
    receive()
    receive()
  File "/data/isilon/vargas/adressIB1/espresso/pmi.py", line 892, in receive
    receive()
  File "/data/isilon/vargas/adressIB1/espresso/pmi.py", line 892, in receive
  File "/data/isilon/vargas/adressIB1/espresso/pmi.py", line 892, in receive
  File "/data/isilon/vargas/adressIB1/espresso/pmi.py", line 892, in receive
  File "/data/isilon/vargas/adressIB1/espresso/pmi.py", line 892, in receive
    receive()
  File "/data/isilon/vargas/adressIB1/espresso/pmi.py", line 892, in receive
receive()
  File "/data/isilon/vargas/adressIB1/espresso/pmi.py", line 892, in receive
    receive()
  File "/data/isilon/vargas/adressIB1/espresso/pmi.py", line 892, in receive
    receive()
  File "/data/isilon/vargas/adressIB1/espresso/pmi.py", line 892, in receive
    receive()
    receive()
    receive()
  File "/data/isilon/vargas/adressIB1/espresso/pmi.py", line 892, in receive
    receive()
  File "/data/isilon/vargas/adressIB1/espresso/pmi.py", line 892, in receive
  File "/data/isilon/vargas/adressIB1/espresso/pmi.py", line 892, in receive
  File "/data/isilon/vargas/adressIB1/espresso/pmi.py", line 892, in receive
    receive()
    return _backtranslateProxy(call(method, *args, **kwds))
  File "/data/isilon/vargas/adressIB1/espresso/pmi.py", line 892, in receive
  File "/data/isilon/vargas/adressIB1/espresso/pmi.py", line 397, in call
    receive()
    receive()
  File "/data/isilon/vargas/adressIB1/espresso/pmi.py", line 892, in receive
  File "/data/isilon/vargas/adressIB1/espresso/pmi.py", line 892, in receive
    receive()
    receive()
    receive()
    receive()
  File "/data/isilon/vargas/adressIB1/espresso/pmi.py", line 892, in receive
  File "/data/isilon/vargas/adressIB1/espresso/pmi.py", line 892, in receive
  File "/data/isilon/vargas/adressIB1/espresso/pmi.py", line 892, in receive
  File "/data/isilon/vargas/adressIB1/espresso/pmi.py", line 892, in receive
    receive()
  File "/data/isilon/vargas/adressIB1/espresso/pmi.py", line 892, in receive
    receive()
  File "/data/isilon/vargas/adressIB1/espresso/pmi.py", line 892, in receive
    return cfunction(*cargs, **ckwds)
    return cmd_func(*args, **kwds)
  File "/data/isilon/vargas/adressIB1/espresso/pmi.py", line 405, in __workerCall
    receive()
    return cmd_func(*args, **kwds)
    return cmd_func(*args, **kwds)
  File "/data/isilon/vargas/adressIB1/espresso/pmi.py", line 1107, in __call__
    receive()
  File "/data/isilon/vargas/adressIB1/espresso/pmi.py", line 892, in receive
  File "/data/isilon/vargas/adressIB1/espresso/pmi.py", line 405, in __workerCall
  File "/data/isilon/vargas/adressIB1/espresso/pmi.py", line 405, in __workerCall
    return cmd_func(*args, **kwds)
  File "/data/isilon/vargas/adressIB1/espresso/pmi.py", line 405, in __workerCall
  File "/data/isilon/vargas/adressIB1/espresso/pmi.py", line 892, in receive
    return cmd_func(*args, **kwds)
  File "/data/isilon/vargas/adressIB1/espresso/pmi.py", line 405, in __workerCall
    return cmd_func(*args, **kwds)
    return cmd_func(*args, **kwds)
  File "/data/isilon/vargas/adressIB1/espresso/pmi.py", line 405, in __workerCall
    receive()
  File "/data/isilon/vargas/adressIB1/espresso/pmi.py", line 892, in receive
    return cmd_func(*args, **kwds)
  File "/data/isilon/vargas/adressIB1/espresso/pmi.py", line 405, in __workerCall
    return cmd_func(*args, **kwds)
    return cmd_func(*args, **kwds)
  File "/data/isilon/vargas/adressIB1/espresso/pmi.py", line 405, in __workerCall
    return cmd_func(*args, **kwds)
  File "/data/isilon/vargas/adressIB1/espresso/pmi.py", line 405, in __workerCall
    receive()
    return cmd_func(*args, **kwds)
  File "/data/isilon/vargas/adressIB1/espresso/pmi.py", line 405, in __workerCall
    return cmd_func(*args, **kwds)
    return cmd_func(*args, **kwds)
  File "/data/isilon/vargas/adressIB1/espresso/pmi.py", line 405, in __workerCall
    receive()
  File "/data/isilon/vargas/adressIB1/espresso/pmi.py", line 892, in receive
    return cmd_func(*args, **kwds)
  File "/data/isilon/vargas/adressIB1/espresso/pmi.py", line 405, in __workerCall
    return cmd_func(*args, **kwds)
  File "/data/isilon/vargas/adressIB1/espresso/pmi.py", line 405, in __workerCall
  File "/data/isilon/vargas/adressIB1/espresso/pmi.py", line 405, in __workerCall
    receive()
    return cmd_func(*args, **kwds)
  File "/data/isilon/vargas/adressIB1/espresso/pmi.py", line 405, in __workerCall
    return cmd_func(*args, **kwds)
  File "/data/isilon/vargas/adressIB1/espresso/pmi.py", line 405, in __workerCall
  File "/data/isilon/vargas/adressIB1/espresso/pmi.py", line 892, in receive
    return cmd_func(*args, **kwds)
  File "/data/isilon/vargas/adressIB1/espresso/pmi.py", line 405, in __workerCall
    return cmd_func(*args, **kwds)
  File "/data/isilon/vargas/adressIB1/espresso/pmi.py", line 405, in __workerCall
    receive()
    return cmd_func(*args, **kwds)
  File "/data/isilon/vargas/adressIB1/espresso/pmi.py", line 405, in __workerCall
  File "/data/isilon/vargas/adressIB1/espresso/pmi.py", line 405, in __workerCall
  File "/data/isilon/vargas/adressIB1/espresso/pmi.py", line 892, in receive
        return function(*args, **kwds)
  File "/data/isilon/vargas/adressIB1/espresso/pmi.py", line 405, in __workerCall
    receive()
    return cmd_func(*args, **kwds)
  File "/data/isilon/vargas/adressIB1/espresso/pmi.py", line 405, in __workerCall
    return function(*args, **kwds)
  File "/data/isilon/vargas/adressIB1/espresso/pmi.py", line 1107, in __call__
    return cmd_func(*args, **kwds)
  File "/data/isilon/vargas/adressIB1/espresso/pmi.py", line 405, in __workerCall
    return function(*args, **kwds)
  File "/data/isilon/vargas/adressIB1/espresso/pmi.py", line 1107, in __call__
  File "/data/isilon/vargas/adressIB1/espresso/pmi.py", line 892, in receive
    return cmd_func(*args, **kwds)
  File "/data/isilon/vargas/adressIB1/espresso/pmi.py", line 405, in __workerCall
  File "/data/isilon/vargas/adressIB1/espresso/pmi.py", line 1107, in __call__
    return function(*args, **kwds)
  File "/data/isilon/vargas/adressIB1/espresso/pmi.py", line 892, in receive
    return cmd_func(*args, **kwds)
  File "/data/isilon/vargas/adressIB1/espresso/pmi.py", line 405, in __workerCall
    return function(*args, **kwds)
  File "/data/isilon/vargas/adressIB1/espresso/pmi.py", line 1107, in __call__
  File "/data/isilon/vargas/adressIB1/espresso/pmi.py", line 1107, in __call__
    return function(*args, **kwds)
    return cmd_func(*args, **kwds)
  File "/data/isilon/vargas/adressIB1/espresso/pmi.py", line 405, in __workerCall
    return cmd_func(*args, **kwds)
  File "/data/isilon/vargas/adressIB1/espresso/pmi.py", line 405, in __workerCall
    return function(*args, **kwds)
    return cmd_func(*args, **kwds)
    return function(*args, **kwds)
  File "/data/isilon/vargas/adressIB1/espresso/pmi.py", line 1107, in __call__
    return function(*args, **kwds)
  File "/data/isilon/vargas/adressIB1/espresso/pmi.py", line 1107, in __call__
  File "/data/isilon/vargas/adressIB1/espresso/pmi.py", line 405, in __workerCall
    return function(*args, **kwds)
  File "/data/isilon/vargas/adressIB1/espresso/pmi.py", line 1107, in __call__
    return function(*args, **kwds)
  File "/data/isilon/vargas/adressIB1/espresso/pmi.py", line 1107, in __call__
    return self.method(*args, **kwds)
  File "/data/isilon/vargas/adressIB1/espresso/FixedPairList.py", line 62, in addBonds
    return function(*args, **kwds)
  File "/data/isilon/vargas/adressIB1/espresso/pmi.py", line 1107, in __call__
    return cmd_func(*args, **kwds)
  File "/data/isilon/vargas/adressIB1/espresso/pmi.py", line 405, in __workerCall
  File "/data/isilon/vargas/adressIB1/espresso/pmi.py", line 1107, in __call__
    receive()
return cmd_func(*args, **kwds)
  File "/data/isilon/vargas/adressIB1/espresso/pmi.py", line 405, in __workerCall
    return function(*args, **kwds)
  File "/data/isilon/vargas/adressIB1/espresso/pmi.py", line 1107, in __call__
    return function(*args, **kwds)
  File "/data/isilon/vargas/adressIB1/espresso/pmi.py", line 1107, in __call__
    return function(*args, **kwds)
  File "/data/isilon/vargas/adressIB1/espresso/pmi.py", line 1107, in __call__
    return function(*args, **kwds)
    return function(*args, **kwds)
  File "/data/isilon/vargas/adressIB1/espresso/pmi.py", line 1107, in __call__
  File "/data/isilon/vargas/adressIB1/espresso/pmi.py", line 892, in receive
    return cmd_func(*args, **kwds)
  File "/data/isilon/vargas/adressIB1/espresso/pmi.py", line 405, in __workerCall
    return function(*args, **kwds)
  File "/data/isilon/vargas/adressIB1/espresso/pmi.py", line 1107, in __call__
    return function(*args, **kwds)
  File "/data/isilon/vargas/adressIB1/espresso/pmi.py", line 1107, in __call__
  File "/data/isilon/vargas/adressIB1/espresso/pmi.py", line 1107, in __call__
    return function(*args, **kwds)
  File "/data/isilon/vargas/adressIB1/espresso/pmi.py", line 1107, in __call__
      File "/data/isilon/vargas/adressIB1/espresso/pmi.py", line 1107, in __call__
    receive()
    return cmd_func(*args, **kwds)
  File "/data/isilon/vargas/adressIB1/espresso/pmi.py", line 405, in __workerCall
    return function(*args, **kwds)
    receive()
    return cmd_func(*args, **kwds)
    return function(*args, **kwds)
  File "/data/isilon/vargas/adressIB1/espresso/pmi.py", line 1107, in __call__
  File "/data/isilon/vargas/adressIB1/espresso/pmi.py", line 892, in receive
  File "/data/isilon/vargas/adressIB1/espresso/pmi.py", line 405, in __workerCall
  File "/data/isilon/vargas/adressIB1/espresso/pmi.py", line 1107, in __call__
  File "/data/isilon/vargas/adressIB1/espresso/pmi.py", line 892, in receive
    return cmd_func(*args, **kwds)
    return self.method(*args, **kwds)
    receive()
    return self.method(*args, **kwds)
  File "/data/isilon/vargas/adressIB1/espresso/FixedPairList.py", line 62, in addBonds
    return cmd_func(*args, **kwds)
  File "/data/isilon/vargas/adressIB1/espresso/FixedPairList.py", line 62, in addBonds
  File "/data/isilon/vargas/adressIB1/espresso/pmi.py", line 892, in receive
    return cmd_func(*args, **kwds)
  File "/data/isilon/vargas/adressIB1/espresso/pmi.py", line 405, in __workerCall
    receive()
    return cmd_func(*args, **kwds)
  File "/data/isilon/vargas/adressIB1/espresso/pmi.py", line 405, in __workerCall
  File "/data/isilon/vargas/adressIB1/espresso/pmi.py", line 892, in receive
  File "/data/isilon/vargas/adressIB1/espresso/pmi.py", line 405, in __workerCall
    receive()
  File "/data/isilon/vargas/adressIB1/espresso/pmi.py", line 405, in __workerCall
  File "/data/isilon/vargas/adressIB1/espresso/pmi.py", line 892, in receive
return function(*args, **kwds)
    receive()
  File "/data/isilon/vargas/adressIB1/espresso/pmi.py", line 1107, in __call__
    return self.method(*args, **kwds)
  File "/data/isilon/vargas/adressIB1/espresso/pmi.py", line 892, in receive
    return cmd_func(*args, **kwds)
  File "/data/isilon/vargas/adressIB1/espresso/FixedPairList.py", line 62, in addBonds
    receive()
  File "/data/isilon/vargas/adressIB1/espresso/pmi.py", line 405, in __workerCall
    return self.method(*args, **kwds)
  File "/data/isilon/vargas/adressIB1/espresso/pmi.py", line 892, in receive
    return self.method(*args, **kwds)
    return self.method(*args, **kwds)
  File "/data/isilon/vargas/adressIB1/espresso/FixedPairList.py", line 62, in addBonds
  File "/data/isilon/vargas/adressIB1/espresso/FixedPairList.py", line 62, in addBonds
  File "/data/isilon/vargas/adressIB1/espresso/FixedPairList.py", line 62, in addBonds
        return self.method(*args, **kwds)
  File "/data/isilon/vargas/adressIB1/espresso/FixedPairList.py", line 62, in addBonds
return function(*args, **kwds)
    return self.method(*args, **kwds)
    return self.method(*args, **kwds)
  File "/data/isilon/vargas/adressIB1/espresso/pmi.py", line 1107, in __call__
    return self.method(*args, **kwds)
  File "/data/isilon/vargas/adressIB1/espresso/FixedPairList.py", line 62, in addBonds
    return self.method(*args, **kwds)
  File "/data/isilon/vargas/adressIB1/espresso/FixedPairList.py", line 62, in addBonds
  File "/data/isilon/vargas/adressIB1/espresso/FixedPairList.py", line 62, in addBonds
    return self.method(*args, **kwds)
    return function(*args, **kwds)
    return function(*args, **kwds)
  File "/data/isilon/vargas/adressIB1/espresso/pmi.py", line 1107, in __call__
  File "/data/isilon/vargas/adressIB1/espresso/FixedPairList.py", line 62, in addBonds
  File "/data/isilon/vargas/adressIB1/espresso/FixedPairList.py", line 62, in addBonds
    return self.method(*args, **kwds)
    return function(*args, **kwds)
    return function(*args, **kwds)
  File "/data/isilon/vargas/adressIB1/espresso/pmi.py", line 1107, in __call__
    return function(*args, **kwds)
  File "/data/isilon/vargas/adressIB1/espresso/pmi.py", line 1107, in __call__
  File "/data/isilon/vargas/adressIB1/espresso/FixedPairList.py", line 62, in addBonds
  File "/data/isilon/vargas/adressIB1/espresso/pmi.py", line 1107, in __call__
  File "/data/isilon/vargas/adressIB1/espresso/pmi.py", line 1107, in __call__
    return function(*args, **kwds)
  File "/data/isilon/vargas/adressIB1/espresso/pmi.py", line 1107, in __call__
    return self.method(*args, **kwds)
  File "/data/isilon/vargas/adressIB1/espresso/FixedPairList.py", line 62, in addBonds
    return function(*args, **kwds)
  File "/data/isilon/vargas/adressIB1/espresso/pmi.py", line 1107, in __call__
    return function(*args, **kwds)
    return function(*args, **kwds)
  File "/data/isilon/vargas/adressIB1/espresso/pmi.py", line 1107, in __call__
    return self.method(*args, **kwds)
    receive()
  File "/data/isilon/vargas/adressIB1/espresso/pmi.py", line 892, in receive
    return function(*args, **kwds)
    return function(*args, **kwds)
  File "/data/isilon/vargas/adressIB1/espresso/pmi.py", line 1107, in __call__
    return self.method(*args, **kwds)
  File "/data/isilon/vargas/adressIB1/espresso/FixedPairList.py", line 62, in addBonds
    receive()
  File "/data/isilon/vargas/adressIB1/espresso/pmi.py", line 892, in receive
  File "/data/isilon/vargas/adressIB1/espresso/pmi.py", line 1107, in __call__
    return function(*args, **kwds)
  File "/data/isilon/vargas/adressIB1/espresso/pmi.py", line 1107, in __call__
    return self.method(*args, **kwds)
  File "/data/isilon/vargas/adressIB1/espresso/FixedPairList.py", line 62, in addBonds
    receive()
  File "/data/isilon/vargas/adressIB1/espresso/pmi.py", line 892, in receive
    return cmd_func(*args, **kwds)
    receive()
  File "/data/isilon/vargas/adressIB1/espresso/pmi.py", line 892, in receive
  File "/data/isilon/vargas/adressIB1/espresso/pmi.py", line 405, in __workerCall
  File "/data/isilon/vargas/adressIB1/espresso/pmi.py", line 1107, in __call__
  File "/data/isilon/vargas/adressIB1/espresso/FixedPairList.py", line 62, in addBonds
    return function(*args, **kwds)
    return self.method(*args, **kwds)
    receive()
  File "/data/isilon/vargas/adressIB1/espresso/pmi.py", line 892, in receive
    return cmd_func(*args, **kwds)
  File "/data/isilon/vargas/adressIB1/espresso/pmi.py", line 405, in __workerCall
  File "/data/isilon/vargas/adressIB1/espresso/pmi.py", line 1107, in __call__
    return self.method(*args, **kwds)
  File "/data/isilon/vargas/adressIB1/espresso/FixedPairList.py", line 62, in addBonds
    receive()
    return cmd_func(*args, **kwds)
    return function(*args, **kwds)
    return self.method(*args, **kwds)
  File "/data/isilon/vargas/adressIB1/espresso/FixedPairList.py", line 62, in addBonds
    receive()
  File "/data/isilon/vargas/adressIB1/espresso/pmi.py", line 892, in receive
    return cmd_func(*args, **kwds)
  File "/data/isilon/vargas/adressIB1/espresso/pmi.py", line 1107, in __call__
    return self.method(*args, **kwds)
  File "/data/isilon/vargas/adressIB1/espresso/FixedPairList.py", line 62, in addBonds
    receive()
  File "/data/isilon/vargas/adressIB1/espresso/pmi.py", line 892, in receive
    return cmd_func(*args, **kwds)
  File "/data/isilon/vargas/adressIB1/espresso/pmi.py", line 892, in receive
  File "/data/isilon/vargas/adressIB1/espresso/pmi.py", line 405, in __workerCall
  File "/data/isilon/vargas/adressIB1/espresso/FixedPairList.py", line 62, in addBonds
    return self.method(*args, **kwds)
  File "/data/isilon/vargas/adressIB1/espresso/FixedPairList.py", line 62, in addBonds
  File "/data/isilon/vargas/adressIB1/espresso/pmi.py", line 405, in __workerCall
    return self.method(*args, **kwds)
  File "/data/isilon/vargas/adressIB1/espresso/pmi.py", line 405, in __workerCall
  File "/data/isilon/vargas/adressIB1/espresso/FixedPairList.py", line 62, in addBonds
    return cmd_func(*args, **kwds)
    return self.method(*args, **kwds)
  File "/data/isilon/vargas/adressIB1/espresso/FixedPairList.py", line 62, in addBonds
    return cmd_func(*args, **kwds)
  File "/data/isilon/vargas/adressIB1/espresso/pmi.py", line 405, in __workerCall
  File "/data/isilon/vargas/adressIB1/espresso/pmi.py", line 405, in __workerCall
    return self.method(*args, **kwds)
  File "/data/isilon/vargas/adressIB1/espresso/FixedPairList.py", line 62, in addBonds
    return cmd_func(*args, **kwds)
  File "/data/isilon/vargas/adressIB1/espresso/pmi.py", line 405, in __workerCall
    return self.method(*args, **kwds)
  File "/data/isilon/vargas/adressIB1/espresso/FixedPairList.py", line 62, in addBonds
    return self.method(*args, **kwds)
  File "/data/isilon/vargas/adressIB1/espresso/FixedPairList.py", line 62, in addBonds
    return cmd_func(*args, **kwds)
    return self.method(*args, **kwds)
  File "/data/isilon/vargas/adressIB1/espresso/FixedPairList.py", line 62, in addBonds
  File "/data/isilon/vargas/adressIB1/espresso/pmi.py", line 405, in __workerCall
    return self.method(*args, **kwds)
  File "/data/isilon/vargas/adressIB1/espresso/FixedPairList.py", line 62, in addBonds
    return self.method(*args, **kwds)
  File "/data/isilon/vargas/adressIB1/espresso/FixedPairList.py", line 62, in addBonds
    receive()
  File "/data/isilon/vargas/adressIB1/espresso/pmi.py", line 892, in receive
    receive()
  File "/data/isilon/vargas/adressIB1/espresso/pmi.py", line 892, in receive
    receive()
  File "/data/isilon/vargas/adressIB1/espresso/pmi.py", line 892, in receive
    return function(*args, **kwds)
    receive()
  File "/data/isilon/vargas/adressIB1/espresso/pmi.py", line 892, in receive
  File "/data/isilon/vargas/adressIB1/espresso/pmi.py", line 1107, in __call__
    receive()
  File "/data/isilon/vargas/adressIB1/espresso/pmi.py", line 892, in receive
    receive()
  File "/data/isilon/vargas/adressIB1/espresso/pmi.py", line 892, in receive
    receive()
  File "/data/isilon/vargas/adressIB1/espresso/pmi.py", line 892, in receive
    receive()
  File "/data/isilon/vargas/adressIB1/espresso/pmi.py", line 892, in receive
    return function(*args, **kwds)
    return self.method(*args, **kwds)
  File "/data/isilon/vargas/adressIB1/espresso/FixedPairList.py", line 62, in addBonds
  File "/data/isilon/vargas/adressIB1/espresso/pmi.py", line 1107, in __call__
    return function(*args, **kwds)
    return function(*args, **kwds)
    return self.method(*args, **kwds)
  File "/data/isilon/vargas/adressIB1/espresso/FixedPairList.py", line 62, in addBonds
    return cmd_func(*args, **kwds)
  File "/data/isilon/vargas/adressIB1/espresso/pmi.py", line 405, in __workerCall
    return function(*args, **kwds)
  File "/data/isilon/vargas/adressIB1/espresso/pmi.py", line 1107, in __call__
    return self.method(*args, **kwds)
  File "/data/isilon/vargas/adressIB1/espresso/FixedPairList.py", line 62, in addBonds
    return cmd_func(*args, **kwds)
  File "/data/isilon/vargas/adressIB1/espresso/pmi.py", line 405, in __workerCall
    return function(*args, **kwds)
    return self.method(*args, **kwds)
    return cmd_func(*args, **kwds)
  File "/data/isilon/vargas/adressIB1/espresso/pmi.py", line 405, in __workerCall
    return function(*args, **kwds)
  File "/data/isilon/vargas/adressIB1/espresso/pmi.py", line 1107, in __call__
    return self.method(*args, **kwds)
    return cmd_func(*args, **kwds)
  File "/data/isilon/vargas/adressIB1/espresso/pmi.py", line 405, in __workerCall
    return self.method(*args, **kwds)
    return cmd_func(*args, **kwds)
  File "/data/isilon/vargas/adressIB1/espresso/pmi.py", line 405, in __workerCall
    return function(*args, **kwds)
  File "/data/isilon/vargas/adressIB1/espresso/pmi.py", line 1107, in __call__
  File "/data/isilon/vargas/adressIB1/espresso/pmi.py", line 1107, in __call__
    return self.method(*args, **kwds)
    return cmd_func(*args, **kwds)
  File "/data/isilon/vargas/adressIB1/espresso/pmi.py", line 405, in __workerCall
  File "/data/isilon/vargas/adressIB1/espresso/pmi.py", line 1107, in __call__
  File "/data/isilon/vargas/adressIB1/espresso/FixedPairList.py", line 62, in addBonds
    return self.method(*args, **kwds)
  File "/data/isilon/vargas/adressIB1/espresso/pmi.py", line 1107, in __call__
  File "/data/isilon/vargas/adressIB1/espresso/FixedPairList.py", line 62, in addBonds
    return function(*args, **kwds)
  File "/data/isilon/vargas/adressIB1/espresso/pmi.py", line 1107, in __call__
  File "/data/isilon/vargas/adressIB1/espresso/FixedPairList.py", line 62, in addBonds
  File "/data/isilon/vargas/adressIB1/espresso/FixedPairList.py", line 62, in addBonds
  File "/data/isilon/vargas/adressIB1/espresso/FixedPairList.py", line 62, in addBonds
    return cmd_func(*args, **kwds)
  File "/data/isilon/vargas/adressIB1/espresso/pmi.py", line 405, in __workerCall
    return cmd_func(*args, **kwds)
  File "/data/isilon/vargas/adressIB1/espresso/pmi.py", line 405, in __workerCall
    return cmd_func(*args, **kwds)
  File "/data/isilon/vargas/adressIB1/espresso/pmi.py", line 405, in __workerCall
    receive()
  File "/data/isilon/vargas/adressIB1/espresso/pmi.py", line 892, in receive
    return cmd_func(*args, **kwds)
  File "/data/isilon/vargas/adressIB1/espresso/pmi.py", line 405, in __workerCall
    return self.method(*args, **kwds)
  File "/data/isilon/vargas/adressIB1/espresso/FixedPairList.py", line 62, in addBonds
    return function(*args, **kwds)
  File "/data/isilon/vargas/adressIB1/espresso/pmi.py", line 1107, in __call__
    receive()
  File "/data/isilon/vargas/adressIB1/espresso/pmi.py", line 892, in receive
    return cmd_func(*args, **kwds)
  File "/data/isilon/vargas/adressIB1/espresso/pmi.py", line 405, in __workerCall
    return cmd_func(*args, **kwds)
  File "/data/isilon/vargas/adressIB1/espresso/pmi.py", line 405, in __workerCall
    receive()
    return cmd_func(*args, **kwds)
  File "/data/isilon/vargas/adressIB1/espresso/pmi.py", line 405, in __workerCall
    return cmd_func(*args, **kwds)
  File "/data/isilon/vargas/adressIB1/espresso/pmi.py", line 405, in __workerCall
  File "/data/isilon/vargas/adressIB1/espresso/pmi.py", line 892, in receive
    return cmd_func(*args, **kwds)
  File "/data/isilon/vargas/adressIB1/espresso/pmi.py", line 405, in __workerCall
    receive()
        return function(*args, **kwds)
    receive()
    receive()
  File "/data/isilon/vargas/adressIB1/espresso/pmi.py", line 892, in receive
  File "/data/isilon/vargas/adressIB1/espresso/pmi.py", line 1107, in __call__
    receive()
  File "/data/isilon/vargas/adressIB1/espresso/pmi.py", line 892, in receive
    receive()
  File "/data/isilon/vargas/adressIB1/espresso/pmi.py", line 892, in receive
return self.method(*args, **kwds)
    return function(*args, **kwds)
  File "/data/isilon/vargas/adressIB1/espresso/pmi.py", line 1107, in __call__
    return self.method(*args, **kwds)
    return cmd_func(*args, **kwds)
  File "/data/isilon/vargas/adressIB1/espresso/pmi.py", line 405, in __workerCall
    return function(*args, **kwds)
  File "/data/isilon/vargas/adressIB1/espresso/pmi.py", line 1107, in __call__
    receive()
  File "/data/isilon/vargas/adressIB1/espresso/pmi.py", line 892, in receive
  File "/data/isilon/vargas/adressIB1/espresso/pmi.py", line 892, in receive
    return self.method(*args, **kwds)
  File "/data/isilon/vargas/adressIB1/espresso/FixedPairList.py", line 62, in addBonds
    return function(*args, **kwds)
  File "/data/isilon/vargas/adressIB1/espresso/pmi.py", line 1107, in __call__
  File "/data/isilon/vargas/adressIB1/espresso/pmi.py", line 892, in receive
    receive()
    return self.method(*args, **kwds)
  File "/data/isilon/vargas/adressIB1/espresso/FixedPairList.py", line 62, in addBonds
    return function(*args, **kwds)
  File "/data/isilon/vargas/adressIB1/espresso/pmi.py", line 1107, in __call__
    return function(*args, **kwds)
    receive()
  File "/data/isilon/vargas/adressIB1/espresso/pmi.py", line 892, in receive
  File "/data/isilon/vargas/adressIB1/espresso/FixedPairList.py", line 62, in addBonds
    return function(*args, **kwds)
  File "/data/isilon/vargas/adressIB1/espresso/pmi.py", line 1107, in __call__
    receive()
  File "/data/isilon/vargas/adressIB1/espresso/pmi.py", line 892, in receive
    receive()
  File "/data/isilon/vargas/adressIB1/espresso/FixedPairList.py", line 62, in addBonds
    return function(*args, **kwds)
  File "/data/isilon/vargas/adressIB1/espresso/pmi.py", line 1107, in __call__
  File "/data/isilon/vargas/adressIB1/espresso/pmi.py", line 1107, in __call__
  File "/data/isilon/vargas/adressIB1/espresso/pmi.py", line 892, in receive
    receive()
  File "/data/isilon/vargas/adressIB1/espresso/pmi.py", line 892, in receive
    return function(*args, **kwds)
  File "/data/isilon/vargas/adressIB1/espresso/pmi.py", line 1107, in __call__
    return function(*args, **kwds)
  File "/data/isilon/vargas/adressIB1/espresso/pmi.py", line 1107, in __call__
    receive()
  File "/data/isilon/vargas/adressIB1/espresso/pmi.py", line 892, in receive
    return self.method(*args, **kwds)
  File "/data/isilon/vargas/adressIB1/espresso/FixedPairList.py", line 62, in addBonds
    return self.method(*args, **kwds)
  File "/data/isilon/vargas/adressIB1/espresso/FixedPairList.py", line 62, in addBonds
    return function(*args, **kwds)
    receive()
  File "/data/isilon/vargas/adressIB1/espresso/pmi.py", line 892, in receive
  File "/data/isilon/vargas/adressIB1/espresso/pmi.py", line 892, in receive
  File "/data/isilon/vargas/adressIB1/espresso/pmi.py", line 1107, in __call__
    return function(*args, **kwds)
  File "/data/isilon/vargas/adressIB1/espresso/pmi.py", line 1107, in __call__
    return self.method(*args, **kwds)
  File "/data/isilon/vargas/adressIB1/espresso/FixedPairList.py", line 62, in addBonds
    return function(*args, **kwds)
  File "/data/isilon/vargas/adressIB1/espresso/pmi.py", line 1107, in __call__
    return cmd_func(*args, **kwds)
    return function(*args, **kwds)
  File "/data/isilon/vargas/adressIB1/espresso/pmi.py", line 405, in __workerCall
    return cmd_func(*args, **kwds)
    return cmd_func(*args, **kwds)
  File "/data/isilon/vargas/adressIB1/espresso/pmi.py", line 405, in __workerCall
    return self.method(*args, **kwds)
  File "/data/isilon/vargas/adressIB1/espresso/pmi.py", line 1107, in __call__
  File "/data/isilon/vargas/adressIB1/espresso/FixedPairList.py", line 62, in addBonds
    return self.method(*args, **kwds)
  File "/data/isilon/vargas/adressIB1/espresso/pmi.py", line 405, in __workerCall
  File "/data/isilon/vargas/adressIB1/espresso/FixedPairList.py", line 62, in addBonds
    return cmd_func(*args, **kwds)
  File "/data/isilon/vargas/adressIB1/espresso/pmi.py", line 405, in __workerCall
    return function(*args, **kwds)
  File "/data/isilon/vargas/adressIB1/espresso/pmi.py", line 1107, in __call__
    return cmd_func(*args, **kwds)
    return self.method(*args, **kwds)
  File "/data/isilon/vargas/adressIB1/espresso/FixedPairList.py", line 62, in addBonds
    return cmd_func(*args, **kwds)
    return self.method(*args, **kwds)
  File "/data/isilon/vargas/adressIB1/espresso/FixedPairList.py", line 62, in addBonds
    return self.method(*args, **kwds)
  File "/data/isilon/vargas/adressIB1/espresso/FixedPairList.py", line 62, in addBonds
    return cmd_func(*args, **kwds)
  File "/data/isilon/vargas/adressIB1/espresso/pmi.py", line 405, in __workerCall
    return self.method(*args, **kwds)
  File "/data/isilon/vargas/adressIB1/espresso/FixedPairList.py", line 62, in addBonds
    return self.method(*args, **kwds)
  File "/data/isilon/vargas/adressIB1/espresso/FixedPairList.py", line 62, in addBonds
    return cmd_func(*args, **kwds)
  File "/data/isilon/vargas/adressIB1/espresso/pmi.py", line 405, in __workerCall
    return self.method(*args, **kwds)
  File "/data/isilon/vargas/adressIB1/espresso/FixedPairList.py", line 62, in addBonds
    return self.method(*args, **kwds)
  File "/data/isilon/vargas/adressIB1/espresso/FixedPairList.py", line 62, in addBonds
    return cmd_func(*args, **kwds)
  File "/data/isilon/vargas/adressIB1/espresso/pmi.py", line 405, in __workerCall
    return cmd_func(*args, **kwds)
  File "/data/isilon/vargas/adressIB1/espresso/pmi.py", line 405, in __workerCall
    return self.method(*args, **kwds)
  File "/data/isilon/vargas/adressIB1/espresso/FixedPairList.py", line 62, in addBonds
    return self.method(*args, **kwds)
    return cmd_func(*args, **kwds)
  File "/data/isilon/vargas/adressIB1/espresso/pmi.py", line 405, in __workerCall
  File "/data/isilon/vargas/adressIB1/espresso/pmi.py", line 405, in __workerCall
    return self.method(*args, **kwds)
    return self.method(*args, **kwds)
    return function(*args, **kwds)
  File "/data/isilon/vargas/adressIB1/espresso/pmi.py", line 1107, in __call__
    return cmd_func(*args, **kwds)
  File "/data/isilon/vargas/adressIB1/espresso/pmi.py", line 405, in __workerCall
  File "/data/isilon/vargas/adressIB1/espresso/FixedPairList.py", line 62, in addBonds
  File "/data/isilon/vargas/adressIB1/espresso/FixedPairList.py", line 62, in addBonds
  File "/data/isilon/vargas/adressIB1/espresso/pmi.py", line 405, in __workerCall
    return cmd_func(*args, **kwds)
  File "/data/isilon/vargas/adressIB1/espresso/pmi.py", line 405, in __workerCall
    return self.method(*args, **kwds)
  File "/data/isilon/vargas/adressIB1/espresso/FixedPairList.py", line 62, in addBonds
  File "/data/isilon/vargas/adressIB1/espresso/FixedPairList.py", line 62, in addBonds
    return function(*args, **kwds)
  File "/data/isilon/vargas/adressIB1/espresso/pmi.py", line 1107, in __call__
    return cmd_func(*args, **kwds)
    return self.method(*args, **kwds)
  File "/data/isilon/vargas/adressIB1/espresso/FixedPairList.py", line 62, in addBonds
    return function(*args, **kwds)
  File "/data/isilon/vargas/adressIB1/espresso/pmi.py", line 1107, in __call__
  File "/data/isilon/vargas/adressIB1/espresso/pmi.py", line 405, in __workerCall
    return function(*args, **kwds)
    return cmd_func(*args, **kwds)
  File "/data/isilon/vargas/adressIB1/espresso/pmi.py", line 1107, in __call__
  File "/data/isilon/vargas/adressIB1/espresso/pmi.py", line 405, in __workerCall
    return cmd_func(*args, **kwds)
    return self.method(*args, **kwds)
  File "/data/isilon/vargas/adressIB1/espresso/FixedPairList.py", line 62, in addBonds
  File "/data/isilon/vargas/adressIB1/espresso/pmi.py", line 405, in __workerCall
    return function(*args, **kwds)
  File "/data/isilon/vargas/adressIB1/espresso/pmi.py", line 1107, in __call__
    return self.method(*args, **kwds)
  File "/data/isilon/vargas/adressIB1/espresso/FixedPairList.py", line 62, in addBonds
    return function(*args, **kwds)
    return function(*args, **kwds)
  File "/data/isilon/vargas/adressIB1/espresso/pmi.py", line 1107, in __call__
  File "/data/isilon/vargas/adressIB1/espresso/pmi.py", line 1107, in __call__
    return function(*args, **kwds)
    return function(*args, **kwds)
  File "/data/isilon/vargas/adressIB1/espresso/pmi.py", line 1107, in __call__
    return function(*args, **kwds)
    return function(*args, **kwds)
  File "/data/isilon/vargas/adressIB1/espresso/pmi.py", line 1107, in __call__
  File "/data/isilon/vargas/adressIB1/espresso/pmi.py", line 1107, in __call__
  File "/data/isilon/vargas/adressIB1/espresso/pmi.py", line 1107, in __call__
    return self.method(*args, **kwds)
  File "/data/isilon/vargas/adressIB1/espresso/FixedPairList.py", line 62, in addBonds
    return self.method(*args, **kwds)
  File "/data/isilon/vargas/adressIB1/espresso/FixedPairList.py", line 62, in addBonds
    return function(*args, **kwds)
    return self.method(*args, **kwds)
  File "/data/isilon/vargas/adressIB1/espresso/FixedPairList.py", line 62, in addBonds
  File "/data/isilon/vargas/adressIB1/espresso/pmi.py", line 1107, in __call__
        return function(*args, **kwds)
  File "/data/isilon/vargas/adressIB1/espresso/pmi.py", line 1107, in __call__
    return self.method(*args, **kwds)
  File "/data/isilon/vargas/adressIB1/espresso/FixedPairList.py", line 62, in addBonds
    return function(*args, **kwds)
  File "/data/isilon/vargas/adressIB1/espresso/pmi.py", line 1107, in __call__
    return function(*args, **kwds)
  File "/data/isilon/vargas/adressIB1/espresso/pmi.py", line 1107, in __call__
    return function(*args, **kwds)
return self.method(*args, **kwds)
  File "/data/isilon/vargas/adressIB1/espresso/FixedPairList.py", line 62, in addBonds
  File "/data/isilon/vargas/adressIB1/espresso/pmi.py", line 1107, in __call__
    return self.method(*args, **kwds)
  File "/data/isilon/vargas/adressIB1/espresso/FixedPairList.py", line 62, in addBonds
    return self.method(*args, **kwds)
  File "/data/isilon/vargas/adressIB1/espresso/FixedPairList.py", line 62, in addBonds
    return self.method(*args, **kwds)
  File "/data/isilon/vargas/adressIB1/espresso/FixedPairList.py", line 62, in addBonds
    return self.method(*args, **kwds)
  File "/data/isilon/vargas/adressIB1/espresso/FixedPairList.py", line 62, in addBonds
    return self.method(*args, **kwds)
  File "/data/isilon/vargas/adressIB1/espresso/FixedPairList.py", line 62, in addBonds
    return self.method(*args, **kwds)
  File "/data/isilon/vargas/adressIB1/espresso/FixedPairList.py", line 62, in addBonds
    return self.method(*args, **kwds)
  File "/data/isilon/vargas/adressIB1/espresso/FixedPairList.py", line 62, in addBonds
    return self.method(*args, **kwds)
  File "/data/isilon/vargas/adressIB1/espresso/FixedPairList.py", line 62, in addBonds
    return self.method(*args, **kwds)
  File "/data/isilon/vargas/adressIB1/espresso/FixedPairList.py", line 62, in addBonds
    return self.method(*args, **kwds)
  File "/data/isilon/vargas/adressIB1/espresso/FixedPairList.py", line 62, in addBonds
    return self.method(*args, **kwds)
  File "/data/isilon/vargas/adressIB1/espresso/FixedPairList.py", line 62, in addBonds
    self.cxxclass.add(self, pid1, pid2)
RuntimeError: 1 exceptions occurred
    self.cxxclass.add(self, pid1, pid2)
RuntimeError: 1 exceptions occurred
    self.cxxclass.add(self, pid1, pid2)
RuntimeError: 1 exceptions occurred
    self.cxxclass.add(self, pid1, pid2)
RuntimeError: 1 exceptions occurred
    self.cxxclass.add(self, pid1, pid2)
RuntimeError    self.cxxclass.add(self, pid1, pid2)
RuntimeError: 1 exceptions occurred
    self.cxxclass.add(self, pid1, pid2)
RuntimeError: 1 exceptions occurred
: 1 exceptions occurred
    self.cxxclass.add(self, pid1, pid2)
RuntimeError: 1 exceptions occurred
    self.cxxclass.add(self, pid1, pid2)
RuntimeError: 1 exceptions occurred
    self.cxxclass.add(self, pid1, pid2)
RuntimeError: 1 exceptions occurred
    self.cxxclass.add(self, pid1, pid2)
RuntimeError: 1 exceptions occurred
    self.cxxclass.add(self, pid1, pid2)
RuntimeError    self.cxxclass.add(self, pid1, pid2)
: 1 exceptions occurred
RuntimeError: 1 exceptions occurred
        self.cxxclass.add(self, pid1, pid2)
self.cxxclass.add(self, pid1, pid2)
RuntimeError: 1 exceptions occurred
RuntimeError    self.cxxclass.add(self, pid1, pid2)
:     self.cxxclass.add(self, pid1, pid2)
RuntimeError: 1 exceptions occurred
    self.cxxclass.add(self, pid1, pid2)
RuntimeError: 1 exceptions occurred
    1 exceptions occurred    self.cxxclass.add(self, pid1, pid2)
RuntimeError: 1 exceptions occurred
    self.cxxclass.add(self, pid1, pid2)
RuntimeError:     self.cxxclass.add(self, pid1, pid2)
RuntimeError:     self.cxxclass.add(self, pid1, pid2)
RuntimeError: 1 exceptions occurred
    self.cxxclass.add(self, pid1, pid2)
RuntimeError: 1 exceptions occurred
    self.cxxclass.add(self, pid1, pid2)
RuntimeError: 1 exceptions occurred
    self.cxxclass.add(self, pid1, pid2)
RuntimeError: 
    self.cxxclass.add(self, pid1, pid2)
RuntimeError: 1 exceptions occurred
        self.cxxclass.add(self, pid1, pid2)
RuntimeError: 1 exceptions occurred
    self.cxxclass.add(self, pid1, pid2)
RuntimeError: 1 exceptions occurred
    self.cxxclass.add(self, pid1, pid2)
RuntimeError: 1 exceptions occurred
    self.cxxclass.add(self, pid1, pid2)
    self.cxxclass.add(self, pid1, pid2)
    self.cxxclass.add(self, pid1, pid2)
RuntimeError: 1 exceptions occurred
    self.cxxclass.add(self, pid1, pid2)
RuntimeError: 1 exceptions occurred
    self.cxxclass.add(self, pid1, pid2)
RuntimeError: 1 exceptions occurred
RuntimeError: 1 exceptions occurred
1 exceptions occurred
1 exceptions occurred
RuntimeError: 1 exceptions occurred
    self.cxxclass.add(self, pid1, pid2)
RuntimeError: 1 exceptions occurred
    self.cxxclass.add(self, pid1, pid2)
RuntimeError: 1 exceptions occurred
    self.cxxclass.add(self, pid1, pid2)
RuntimeError: 1 exceptions occurred
    self.cxxclass.add(self, pid1, pid2)
    self.cxxclass.add(self, pid1, pid2)
RuntimeError: 1 exceptions occurred
    self.cxxclass.add(self, pid1, pid2)
RuntimeError:     self.cxxclass.add(self, pid1, pid2)
RuntimeError: 1 exceptions occurred
    self.cxxclass.add(self, pid1, pid2)
RuntimeError: 1 exceptions occurred
    self.cxxclass.add(self, pid1, pid2)
RuntimeError: 1 exceptions occurred
self.cxxclass.add(self, pid1, pid2)
    self.cxxclass.add(self, pid1, pid2)
    self.cxxclass.add(self, pid1, pid2)
RuntimeError: 1 exceptions occurred
    self.cxxclass.add(self, pid1, pid2)
    self.cxxclass.add(self, pid1, pid2)
RuntimeError    self.cxxclass.add(self, pid1, pid2)
RuntimeError: 1 exceptions occurred
    self.cxxclass.add(self, pid1, pid2)
RuntimeError: 1 exceptions occurred
RuntimeError: 1 exceptions occurred
    self.cxxclass.add(self, pid1, pid2)
    self.cxxclass.add(self, pid1, pid2)
RuntimeError: 1 exceptions occurred
1 exceptions occurred
self.cxxclass.add(self, pid1, pid2)
RuntimeError: 1 exceptions occurred
    self.cxxclass.add(self, pid1, pid2)
RuntimeError: 1 exceptions occurred:
 cpu 66:  Exception message(s):
1). Adding error. Fixed Pair List particle p2 202 does not exists here and cannot be added

On proc 66: exceptions = 1, total = 1

:     self.cxxclass.add(self, pid1, pid2)
RuntimeError: 1 exceptions occurred
    self.cxxclass.add(self, pid1, pid2)
RuntimeError: 1 exceptions occurred
    self.cxxclass.add(self, pid1, pid2)
    self.cxxclass.add(self, pid1, pid2)
RuntimeError: 1 exceptions occurred
    self.cxxclass.add(self, pid1, pid2)
RuntimeError: 1 exceptions occurred
    self.cxxclass.add(self, pid1, pid2)
RuntimeError: 1 exceptions occurred
1 exceptions occurred    self.cxxclass.add(self, pid1, pid2)
RuntimeError: 1 exceptions occurred
        self.cxxclass.add(self, pid1, pid2)
RuntimeError: 1 exceptions occurred
RuntimeError: 1 exceptions occurred
    self.cxxclass.add(self, pid1, pid2)
RuntimeError: 1 exceptions occurred
RuntimeError: 1 exceptions occurred
    self.cxxclass.add(self, pid1, pid2)
RuntimeError: 1 exceptions occurred

RuntimeError:     self.cxxclass.add(self, pid1, pid2)
        self.cxxclass.add(self, pid1, pid2)
RuntimeError: 1 exceptions occurred
    self.cxxclass.add(self, pid1, pid2)
RuntimeError:     self.cxxclass.add(self, pid1, pid2)
    self.cxxclass.add(self, pid1, pid2)
RuntimeError: RuntimeError: 1 exceptions occurred
RuntimeError: 1 exceptions occurred
    self.cxxclass.add(self, pid1, pid2)
    self.cxxclass.add(self, pid1, pid2)
RuntimeError: 1 exceptions occurred
    1 exceptions occurred
1 exceptions occurred
    self.cxxclass.add(self, pid1, pid2)
RuntimeError: RuntimeError: 1 exceptions occurred
RuntimeError: 1 exceptions occurred
self.cxxclass.add(self, pid1, pid2)
1 exceptions occurred
    1 exceptions occurred
self.cxxclass.add(self, pid1, pid2)
1 exceptions occurred
RuntimeError    self.cxxclass.add(self, pid1, pid2)
RuntimeError: 1 exceptions occurred
self.cxxclass.add(self, pid1, pid2)
RuntimeError: 1 exceptions occurred
RuntimeError    self.cxxclass.add(self, pid1, pid2)
RuntimeError: 1 exceptions occurred
: 1 exceptions occurredRuntimeErrorRuntimeError: 1 exceptions occurred
: 
: self.cxxclass.add(self, pid1, pid2)
1 exceptions occurred    self.cxxclass.add(self, pid1, pid2)
1 exceptions occurredRuntimeErrorRuntimeError: 1 exceptions occurred

: 
    1 exceptions occurred
self.cxxclass.add(self, pid1, pid2)
RuntimeError: 1 exceptions occurred
--------------------------------------------------------------------------
mpirun noticed that the job aborted, but has no info as to the process
that caused that situation.
--------------------------------------------------------------------------
rm: cannot remove /tmp/1099263.1.Parallel.q/rsh: No such file or directory
